
*** Running vivado
    with args -log Top_Wrapper.vdi -applog -m64 -messageDb vivado.pb -mode batch -source Top_Wrapper.tcl -notrace


****** Vivado v2015.2 (64-bit)
  **** SW Build 1266856 on Fri Jun 26 16:35:25 MDT 2015
  **** IP Build 1264090 on Wed Jun 24 14:22:01 MDT 2015
    ** Copyright 1986-2015 Xilinx, Inc. All Rights Reserved.

source Top_Wrapper.tcl -notrace
Design is defaulting to srcset: sources_1
Design is defaulting to constrset: constrs_1
INFO: [Netlist 29-17] Analyzing 96 Unisim elements for replacement
INFO: [Netlist 29-28] Unisim Transformation completed in 0 CPU seconds
INFO: [Project 1-479] Netlist was created with Vivado 2015.2
INFO: [Device 21-403] Loading part xc7a35tcpg236-1
INFO: [Project 1-570] Preparing netlist for logic optimization
Parsing XDC File [C:/Users/Marco/VGA-Interface/digital_lab/Microprocessor.srcs/constrs_1/imports/new/IRTransmitterSMXDC.xdc]
Finished Parsing XDC File [C:/Users/Marco/VGA-Interface/digital_lab/Microprocessor.srcs/constrs_1/imports/new/IRTransmitterSMXDC.xdc]
INFO: [Opt 31-138] Pushed 0 inverter(s) to 0 load pin(s).
INFO: [Project 1-111] Unisim Transformation Summary:
  A total of 2 instances were transformed.
  IOBUF => IOBUF (IBUF, OBUFT): 2 instances

Command: opt_design
Attempting to get a license for feature 'Implementation' and/or device 'xc7a35t'
INFO: [Common 17-349] Got license for feature 'Implementation' and/or device 'xc7a35t'
Running DRC as a precondition to command opt_design

Starting DRC Task
INFO: [DRC 23-27] Running DRC with 2 threads
INFO: [Project 1-461] DRC finished with 0 Errors
INFO: [Project 1-462] Please refer to the DRC report (report_drc) for more information.

Time (s): cpu = 00:00:00 ; elapsed = 00:00:00.125 . Memory (MB): peak = 464.395 ; gain = 3.379
INFO: [Timing 38-35] Done setting XDC timing constraints.

Starting Logic Optimization Task

Phase 1 Retarget

INFO: [Opt 31-138] Pushed 1 inverter(s) to 1 load pin(s).
INFO: [Opt 31-49] Retargeted 0 cell(s).
Phase 1 Retarget | Checksum: 1a6c6b9b4

Time (s): cpu = 00:00:01 ; elapsed = 00:00:00.173 . Memory (MB): peak = 939.242 ; gain = 0.000

Phase 2 Constant Propagation
INFO: [Opt 31-138] Pushed 0 inverter(s) to 0 load pin(s).
INFO: [Opt 31-10] Eliminated 0 cells.
Phase 2 Constant Propagation | Checksum: e9c072bf

Time (s): cpu = 00:00:01 ; elapsed = 00:00:00.235 . Memory (MB): peak = 939.242 ; gain = 0.000

Phase 3 Sweep
INFO: [Opt 31-12] Eliminated 249 unconnected nets.
INFO: [Opt 31-11] Eliminated 17 unconnected cells.
Phase 3 Sweep | Checksum: 877df2a5

Time (s): cpu = 00:00:01 ; elapsed = 00:00:00.361 . Memory (MB): peak = 939.242 ; gain = 0.000

Starting Connectivity Check Task

Time (s): cpu = 00:00:00 ; elapsed = 00:00:00.016 . Memory (MB): peak = 939.242 ; gain = 0.000
Ending Logic Optimization Task | Checksum: 877df2a5

Time (s): cpu = 00:00:01 ; elapsed = 00:00:00.377 . Memory (MB): peak = 939.242 ; gain = 0.000
Implement Debug Cores | Checksum: 195112548
Logic Optimization | Checksum: 195112548

Starting Power Optimization Task
INFO: [Pwropt 34-132] Skipping clock gating for clocks with a period < 3.13 ns.
INFO: [Pwropt 34-9] Applying IDT optimizations ...
INFO: [Pwropt 34-10] Applying ODC optimizations ...


Starting PowerOpt Patch Enables Task
INFO: [Pwropt 34-162] WRITE_MODE attribute of 1 BRAM(s) out of a total of 2 has been updated to save power. Run report_power_opt to get a complete listing of the BRAMs updated.
INFO: [Pwropt 34-201] Structural ODC has moved 1 WE to EN ports
Number of BRAM Ports augmented: 0 newly gated: 1 Total Ports: 4
Ending PowerOpt Patch Enables Task | Checksum: 153f876bc

Time (s): cpu = 00:00:00 ; elapsed = 00:00:00 . Memory (MB): peak = 959.867 ; gain = 0.000
Ending Power Optimization Task | Checksum: 153f876bc

Time (s): cpu = 00:00:00 ; elapsed = 00:00:00.594 . Memory (MB): peak = 959.867 ; gain = 20.625
INFO: [Common 17-83] Releasing license: Implementation
24 Infos, 0 Warnings, 0 Critical Warnings and 0 Errors encountered.
opt_design completed successfully
opt_design: Time (s): cpu = 00:00:13 ; elapsed = 00:00:16 . Memory (MB): peak = 959.867 ; gain = 498.852
Writing placer database...
Writing XDEF routing.
Writing XDEF routing logical nets.
Writing XDEF routing special nets.
Write XDEF Complete: Time (s): cpu = 00:00:00 ; elapsed = 00:00:00.078 . Memory (MB): peak = 959.867 ; gain = 0.000
INFO: [DRC 23-27] Running DRC with 2 threads
INFO: [Coretcl 2-168] The results of DRC are in file C:/Users/Marco/VGA-Interface/digital_lab/Microprocessor.runs/impl_1/Top_Wrapper_drc_opted.rpt.
INFO: [#UNDEF] Cannot write hardware definition file as there are no IPI block design hardware handoff files present
Command: place_design
Attempting to get a license for feature 'Implementation' and/or device 'xc7a35t'
INFO: [Common 17-349] Got license for feature 'Implementation' and/or device 'xc7a35t'
INFO: [DRC 23-27] Running DRC with 2 threads
INFO: [Vivado_Tcl 4-198] DRC finished with 0 Errors
INFO: [Vivado_Tcl 4-199] Please refer to the DRC report (report_drc) for more information.
Running DRC as a precondition to command place_design
INFO: [DRC 23-27] Running DRC with 2 threads
INFO: [Vivado_Tcl 4-198] DRC finished with 0 Errors
INFO: [Vivado_Tcl 4-199] Please refer to the DRC report (report_drc) for more information.

Starting Placer Task
INFO: [Place 30-611] Multithreading enabled for place_design using a maximum of 2 CPUs

Phase 1 Placer Runtime Estimator
Phase 1 Placer Runtime Estimator | Checksum: 13fa2fbc5

Time (s): cpu = 00:00:00 ; elapsed = 00:00:00.046 . Memory (MB): peak = 959.867 ; gain = 0.000

Phase 2 Placer Initialization
Netlist sorting complete. Time (s): cpu = 00:00:00 ; elapsed = 00:00:00 . Memory (MB): peak = 959.867 ; gain = 0.000
INFO: [Opt 31-138] Pushed 0 inverter(s) to 0 load pin(s).
Netlist sorting complete. Time (s): cpu = 00:00:00 ; elapsed = 00:00:00 . Memory (MB): peak = 959.867 ; gain = 0.000

Phase 2.1 IO Placement/ Clock Placement/ Build Placer Device

Phase 2.1.1 Pre-Place Cells
Phase 2.1.1 Pre-Place Cells | Checksum: 832f13c1

Time (s): cpu = 00:00:00 ; elapsed = 00:00:00.109 . Memory (MB): peak = 959.867 ; gain = 0.000
INFO: [Timing 38-35] Done setting XDC timing constraints.

Phase 2.1.2 IO & Clk Clean Up
Phase 2.1.2 IO & Clk Clean Up | Checksum: 832f13c1

Time (s): cpu = 00:00:01 ; elapsed = 00:00:01 . Memory (MB): peak = 959.867 ; gain = 0.000

Phase 2.1.3 Implementation Feasibility check On IDelay
Phase 2.1.3 Implementation Feasibility check On IDelay | Checksum: 832f13c1

Time (s): cpu = 00:00:01 ; elapsed = 00:00:01 . Memory (MB): peak = 959.867 ; gain = 0.000

Phase 2.1.4 Commit IO Placement
Phase 2.1.4 Commit IO Placement | Checksum: 7cfb56eb

Time (s): cpu = 00:00:01 ; elapsed = 00:00:01 . Memory (MB): peak = 959.867 ; gain = 0.000
Phase 2.1 IO Placement/ Clock Placement/ Build Placer Device | Checksum: 106fd42b0

Time (s): cpu = 00:00:01 ; elapsed = 00:00:01 . Memory (MB): peak = 959.867 ; gain = 0.000

Phase 2.2 Build Placer Netlist Model

Phase 2.2.1 Place Init Design
Phase 2.2.1 Place Init Design | Checksum: 1488f87ca

Time (s): cpu = 00:00:01 ; elapsed = 00:00:01 . Memory (MB): peak = 959.867 ; gain = 0.000
Phase 2.2 Build Placer Netlist Model | Checksum: 1488f87ca

Time (s): cpu = 00:00:01 ; elapsed = 00:00:01 . Memory (MB): peak = 959.867 ; gain = 0.000

Phase 2.3 Constrain Clocks/Macros

Phase 2.3.1 Constrain Global/Regional Clocks
Phase 2.3.1 Constrain Global/Regional Clocks | Checksum: 1488f87ca

Time (s): cpu = 00:00:01 ; elapsed = 00:00:01 . Memory (MB): peak = 959.867 ; gain = 0.000
Phase 2.3 Constrain Clocks/Macros | Checksum: 1488f87ca

Time (s): cpu = 00:00:01 ; elapsed = 00:00:01 . Memory (MB): peak = 959.867 ; gain = 0.000
Phase 2 Placer Initialization | Checksum: 1488f87ca

Time (s): cpu = 00:00:01 ; elapsed = 00:00:01 . Memory (MB): peak = 959.867 ; gain = 0.000

Phase 3 Global Placement
Phase 3 Global Placement | Checksum: 15c6a5fa4

Time (s): cpu = 00:00:02 ; elapsed = 00:00:02 . Memory (MB): peak = 959.867 ; gain = 0.000

Phase 4 Detail Placement

Phase 4.1 Commit Multi Column Macros
Phase 4.1 Commit Multi Column Macros | Checksum: 15c6a5fa4

Time (s): cpu = 00:00:02 ; elapsed = 00:00:02 . Memory (MB): peak = 959.867 ; gain = 0.000

Phase 4.2 Commit Most Macros & LUTRAMs
Phase 4.2 Commit Most Macros & LUTRAMs | Checksum: 1cfc224ce

Time (s): cpu = 00:00:02 ; elapsed = 00:00:02 . Memory (MB): peak = 959.867 ; gain = 0.000

Phase 4.3 Area Swap Optimization
Phase 4.3 Area Swap Optimization | Checksum: 1b805f50d

Time (s): cpu = 00:00:02 ; elapsed = 00:00:02 . Memory (MB): peak = 959.867 ; gain = 0.000

Phase 4.4 Small Shape Detail Placement

Phase 4.4.1 Commit Small Macros & Core Logic

Phase 4.4.1.1 Commit Slice Clusters
Phase 4.4.1.1 Commit Slice Clusters | Checksum: 17fc3bf15

Time (s): cpu = 00:00:02 ; elapsed = 00:00:02 . Memory (MB): peak = 959.867 ; gain = 0.000
Phase 4.4.1 Commit Small Macros & Core Logic | Checksum: 17fc3bf15

Time (s): cpu = 00:00:02 ; elapsed = 00:00:02 . Memory (MB): peak = 959.867 ; gain = 0.000

Phase 4.4.2 Clock Restriction Legalization for Leaf Columns
Phase 4.4.2 Clock Restriction Legalization for Leaf Columns | Checksum: 17fc3bf15

Time (s): cpu = 00:00:02 ; elapsed = 00:00:02 . Memory (MB): peak = 959.867 ; gain = 0.000

Phase 4.4.3 Clock Restriction Legalization for Non-Clock Pins
Phase 4.4.3 Clock Restriction Legalization for Non-Clock Pins | Checksum: 17fc3bf15

Time (s): cpu = 00:00:02 ; elapsed = 00:00:02 . Memory (MB): peak = 959.867 ; gain = 0.000
Phase 4.4 Small Shape Detail Placement | Checksum: 17fc3bf15

Time (s): cpu = 00:00:02 ; elapsed = 00:00:02 . Memory (MB): peak = 959.867 ; gain = 0.000

Phase 4.5 Re-assign LUT pins
Phase 4.5 Re-assign LUT pins | Checksum: 17fc3bf15

Time (s): cpu = 00:00:02 ; elapsed = 00:00:02 . Memory (MB): peak = 959.867 ; gain = 0.000
Phase 4 Detail Placement | Checksum: 17fc3bf15

Time (s): cpu = 00:00:02 ; elapsed = 00:00:03 . Memory (MB): peak = 959.867 ; gain = 0.000

Phase 5 Post Placement Optimization and Clean-Up

Phase 5.1 PCOPT Shape updates
Phase 5.1 PCOPT Shape updates | Checksum: 21b445e9b

Time (s): cpu = 00:00:02 ; elapsed = 00:00:03 . Memory (MB): peak = 959.867 ; gain = 0.000

Phase 6 Post Commit Optimization
Phase 6 Post Commit Optimization | Checksum: 21b445e9b

Time (s): cpu = 00:00:02 ; elapsed = 00:00:03 . Memory (MB): peak = 959.867 ; gain = 0.000

Phase 5.2 Sweep Clock Roots: Post-Placement
Phase 5.2 Sweep Clock Roots: Post-Placement | Checksum: 21b445e9b

Time (s): cpu = 00:00:02 ; elapsed = 00:00:03 . Memory (MB): peak = 959.867 ; gain = 0.000

Phase 5.3 Post Placement Cleanup
Phase 5.3 Post Placement Cleanup | Checksum: 21b445e9b

Time (s): cpu = 00:00:02 ; elapsed = 00:00:03 . Memory (MB): peak = 959.867 ; gain = 0.000

Phase 5.4 Placer Reporting
Phase 5.4 Placer Reporting | Checksum: 21b445e9b

Time (s): cpu = 00:00:02 ; elapsed = 00:00:03 . Memory (MB): peak = 959.867 ; gain = 0.000

Phase 5.5 Final Placement Cleanup
Phase 5.5 Final Placement Cleanup | Checksum: 27bc03914

Time (s): cpu = 00:00:02 ; elapsed = 00:00:03 . Memory (MB): peak = 959.867 ; gain = 0.000
Phase 5 Post Placement Optimization and Clean-Up | Checksum: 27bc03914

Time (s): cpu = 00:00:02 ; elapsed = 00:00:03 . Memory (MB): peak = 959.867 ; gain = 0.000
Ending Placer Task | Checksum: 1dcdc4819

Time (s): cpu = 00:00:02 ; elapsed = 00:00:03 . Memory (MB): peak = 959.867 ; gain = 0.000
INFO: [Common 17-83] Releasing license: Implementation
38 Infos, 0 Warnings, 0 Critical Warnings and 0 Errors encountered.
place_design completed successfully
Writing placer database...
Writing XDEF routing.
Writing XDEF routing logical nets.
Writing XDEF routing special nets.
Write XDEF Complete: Time (s): cpu = 00:00:01 ; elapsed = 00:00:00.548 . Memory (MB): peak = 959.867 ; gain = 0.000
report_io: Time (s): cpu = 00:00:00 ; elapsed = 00:00:00.063 . Memory (MB): peak = 959.867 ; gain = 0.000
report_utilization: Time (s): cpu = 00:00:00 ; elapsed = 00:00:00.125 . Memory (MB): peak = 959.867 ; gain = 0.000
report_control_sets: Time (s): cpu = 00:00:00 ; elapsed = 00:00:00 . Memory (MB): peak = 959.867 ; gain = 0.000
Command: route_design
Attempting to get a license for feature 'Implementation' and/or device 'xc7a35t'
INFO: [Common 17-349] Got license for feature 'Implementation' and/or device 'xc7a35t'
Running DRC as a precondition to command route_design
INFO: [DRC 23-27] Running DRC with 2 threads
INFO: [Vivado_Tcl 4-198] DRC finished with 0 Errors
INFO: [Vivado_Tcl 4-199] Please refer to the DRC report (report_drc) for more information.


Starting Routing Task
INFO: [Route 35-254] Multithreading enabled for route_design using a maximum of 2 CPUs

Phase 1 Build RT Design
Phase 1 Build RT Design | Checksum: 7a05f23c

Time (s): cpu = 00:00:25 ; elapsed = 00:00:27 . Memory (MB): peak = 1028.418 ; gain = 68.551

Phase 2 Router Initialization
INFO: [Route 35-64] No timing constraints were detected. The router will operate in resource-optimization mode.

Phase 2.1 Pre Route Cleanup
Phase 2.1 Pre Route Cleanup | Checksum: 7a05f23c

Time (s): cpu = 00:00:25 ; elapsed = 00:00:27 . Memory (MB): peak = 1032.992 ; gain = 73.125
 Number of Nodes with overlaps = 0
Phase 2 Router Initialization | Checksum: f98f1e40

Time (s): cpu = 00:00:25 ; elapsed = 00:00:27 . Memory (MB): peak = 1039.352 ; gain = 79.484

Phase 3 Initial Routing
Phase 3 Initial Routing | Checksum: e45cc47c

Time (s): cpu = 00:00:25 ; elapsed = 00:00:27 . Memory (MB): peak = 1039.352 ; gain = 79.484

Phase 4 Rip-up And Reroute

Phase 4.1 Global Iteration 0
 Number of Nodes with overlaps = 168
 Number of Nodes with overlaps = 0
Phase 4.1 Global Iteration 0 | Checksum: 146a09c52

Time (s): cpu = 00:00:26 ; elapsed = 00:00:28 . Memory (MB): peak = 1039.352 ; gain = 79.484
Phase 4 Rip-up And Reroute | Checksum: 146a09c52

Time (s): cpu = 00:00:26 ; elapsed = 00:00:28 . Memory (MB): peak = 1039.352 ; gain = 79.484

Phase 5 Delay and Skew Optimization
Phase 5 Delay and Skew Optimization | Checksum: 146a09c52

Time (s): cpu = 00:00:26 ; elapsed = 00:00:28 . Memory (MB): peak = 1039.352 ; gain = 79.484

Phase 6 Post Hold Fix
Phase 6 Post Hold Fix | Checksum: 146a09c52

Time (s): cpu = 00:00:26 ; elapsed = 00:00:28 . Memory (MB): peak = 1039.352 ; gain = 79.484

Phase 7 Route finalize

Router Utilization Summary
  Global Vertical Routing Utilization    = 0.269234 %
  Global Horizontal Routing Utilization  = 0.261452 %
  Routable Net Status*
  *Does not include unroutable nets such as driverless and loadless.
  Run report_route_status for detailed report.
  Number of Failed Nets               = 0
  Number of Unrouted Nets             = 0
  Number of Partially Routed Nets     = 0
  Number of Node Overlaps             = 0

Congestion Report
North Dir 1x1 Area, Max Cong = 22.5225%, No Congested Regions.
South Dir 1x1 Area, Max Cong = 21.6216%, No Congested Regions.
East Dir 1x1 Area, Max Cong = 29.4118%, No Congested Regions.
West Dir 1x1 Area, Max Cong = 22.0588%, No Congested Regions.
Phase 7 Route finalize | Checksum: 146a09c52

Time (s): cpu = 00:00:26 ; elapsed = 00:00:28 . Memory (MB): peak = 1039.352 ; gain = 79.484

Phase 8 Verifying routed nets

 Verification completed successfully
Phase 8 Verifying routed nets | Checksum: 146a09c52

Time (s): cpu = 00:00:26 ; elapsed = 00:00:28 . Memory (MB): peak = 1039.352 ; gain = 79.484

Phase 9 Depositing Routes
Phase 9 Depositing Routes | Checksum: 10fa24a79

Time (s): cpu = 00:00:26 ; elapsed = 00:00:28 . Memory (MB): peak = 1039.352 ; gain = 79.484
INFO: [Route 35-16] Router Completed Successfully

Time (s): cpu = 00:00:26 ; elapsed = 00:00:28 . Memory (MB): peak = 1039.352 ; gain = 79.484

Routing Is Done.
INFO: [Common 17-83] Releasing license: Implementation
46 Infos, 0 Warnings, 0 Critical Warnings and 0 Errors encountered.
route_design completed successfully
route_design: Time (s): cpu = 00:00:26 ; elapsed = 00:00:28 . Memory (MB): peak = 1039.352 ; gain = 79.484
Writing placer database...
Writing XDEF routing.
Writing XDEF routing logical nets.
Writing XDEF routing special nets.
Write XDEF Complete: Time (s): cpu = 00:00:00 ; elapsed = 00:00:00.344 . Memory (MB): peak = 1039.352 ; gain = 0.000
INFO: [DRC 23-27] Running DRC with 2 threads
INFO: [Coretcl 2-168] The results of DRC are in file C:/Users/Marco/VGA-Interface/digital_lab/Microprocessor.runs/impl_1/Top_Wrapper_drc_routed.rpt.
INFO: [Timing 38-91] UpdateTimingParams: Speed grade: -1, Delay Type: min_max.
INFO: [Timing 38-191] Multithreading enabled for timing update using a maximum of 2 CPUs
WARNING: [Timing 38-313] There are no user specified timing constraints. Timing constraints are needed for proper timing analysis.
WARNING: [Power 33-232] No user defined clocks were found in the design!
Resolution: Please specify clocks using create_clock/create_generated_clock for sequential elements. For pure combinatorial circuits, please specify a virtual clock, otherwise the vectorless estimation might be inaccurate
Running Vector-less Activity Propagation...

Finished Running Vector-less Activity Propagation
Attempting to get a license for feature 'Implementation' and/or device 'xc7a35t'
INFO: [Common 17-349] Got license for feature 'Implementation' and/or device 'xc7a35t'
Running DRC as a precondition to command write_bitstream
INFO: [DRC 23-27] Running DRC with 2 threads
WARNING: [DRC 23-20] Rule violation (CFGBVS-1) Missing CFGBVS and CONFIG_VOLTAGE Design Properties - Neither the CFGBVS nor CONFIG_VOLTAGE voltage property is set in the current_design.  Configuration bank voltage select (CFGBVS) must be set to VCCO or GND, and CONFIG_VOLTAGE must be set to the correct configuration voltage, in order to determine the I/O voltage support for the pins in bank 0.  It is suggested to specify these either using the 'Edit Device Properties' function in the GUI or directly in the XDC file using the following syntax:

 set_property CFGBVS value1 [current_design]
 #where value1 is either VCCO or GND

 set_property CONFIG_VOLTAGE value2 [current_design]
 #where value2 is the voltage provided to configuration bank 0

Refer to the device configuration user guide for more information.
INFO: [Vivado 12-3199] DRC finished with 0 Errors, 1 Warnings
INFO: [Vivado 12-3200] Please refer to the DRC report (report_drc) for more information.
Loading data files...
Loading site data...
Loading route data...
Processing options...
Creating bitmap...
Creating bitstream...
Writing bitstream ./Top_Wrapper.bit...
INFO: [Vivado 12-1842] Bitgen Completed Successfully.
INFO: [Common 17-83] Releasing license: Implementation
write_bitstream: Time (s): cpu = 00:00:19 ; elapsed = 00:00:24 . Memory (MB): peak = 1378.145 ; gain = 316.137
INFO: [Vivado_Tcl 4-395] Unable to parse hwdef file Top_Wrapper.hwdef
INFO: [Common 17-206] Exiting Vivado at Fri Mar 29 22:03:07 2024...
