
*** Running vivado
    with args -log Top_Wrapper.vds -m64 -mode batch -messageDb vivado.pb -notrace -source Top_Wrapper.tcl


****** Vivado v2015.2 (64-bit)
  **** SW Build 1266856 on Fri Jun 26 16:35:25 MDT 2015
  **** IP Build 1264090 on Wed Jun 24 14:22:01 MDT 2015
    ** Copyright 1986-2015 Xilinx, Inc. All Rights Reserved.

source Top_Wrapper.tcl -notrace
Command: synth_design -top Top_Wrapper -part xc7a35tcpg236-1
Starting synth_design
Attempting to get a license for feature 'Synthesis' and/or device 'xc7a35t'
INFO: [Common 17-349] Got license for feature 'Synthesis' and/or device 'xc7a35t'
---------------------------------------------------------------------------------
Starting RTL Elaboration : Time (s): cpu = 00:00:04 ; elapsed = 00:00:06 . Memory (MB): peak = 263.152 ; gain = 86.324
---------------------------------------------------------------------------------
INFO: [Synth 8-638] synthesizing module 'Top_Wrapper' [C:/Users/Marco/digital_lab/VGA-Interface/VGA-Interface.srcs/sources_1/new/Top_Wrapper.v:23]
INFO: [Synth 8-638] synthesizing module 'ROM' [C:/Users/Marco/digital_lab/VGA-Interface/VGA-Interface.srcs/sources_1/new/ROM.v:23]
	Parameter RAMAddrWidth bound to: 8 - type: integer 
INFO: [Synth 8-3876] $readmem data file 'Complete_Demo_ROM5.txt' is read successfully [C:/Users/Marco/digital_lab/VGA-Interface/VGA-Interface.srcs/sources_1/new/ROM.v:35]
INFO: [Synth 8-256] done synthesizing module 'ROM' (1#1) [C:/Users/Marco/digital_lab/VGA-Interface/VGA-Interface.srcs/sources_1/new/ROM.v:23]
INFO: [Synth 8-638] synthesizing module 'RAM' [C:/Users/Marco/digital_lab/VGA-Interface/VGA-Interface.srcs/sources_1/new/RAM.v:23]
	Parameter RAMBaseAddr bound to: 0 - type: integer 
	Parameter RAMAddrWidth bound to: 7 - type: integer 
INFO: [Synth 8-3876] $readmem data file 'Complete_Demo_RAM5.txt' is read successfully [C:/Users/Marco/digital_lab/VGA-Interface/VGA-Interface.srcs/sources_1/new/RAM.v:43]
INFO: [Synth 8-256] done synthesizing module 'RAM' (2#1) [C:/Users/Marco/digital_lab/VGA-Interface/VGA-Interface.srcs/sources_1/new/RAM.v:23]
INFO: [Synth 8-638] synthesizing module 'Processor' [C:/Users/Marco/digital_lab/VGA-Interface/VGA-Interface.srcs/sources_1/new/Processor.v:23]
	Parameter IDLE bound to: 8'b11110000 
	Parameter GET_THREAD_START_ADDR_0 bound to: 8'b11110001 
	Parameter GET_THREAD_START_ADDR_1 bound to: 8'b11110010 
	Parameter GET_THREAD_START_ADDR_2 bound to: 8'b11110011 
	Parameter CHOOSE_OPP bound to: 8'b00000000 
	Parameter READ_FROM_MEM_TO_A bound to: 8'b00010000 
	Parameter READ_FROM_MEM_TO_B bound to: 8'b00010001 
	Parameter READ_FROM_MEM_0 bound to: 8'b00010010 
	Parameter READ_FROM_MEM_1 bound to: 8'b00010011 
	Parameter READ_FROM_MEM_2 bound to: 8'b00010100 
	Parameter WRITE_TO_MEM_FROM_A bound to: 8'b00100000 
	Parameter WRITE_TO_MEM_FROM_B bound to: 8'b00100001 
	Parameter WRITE_TO_MEM_0 bound to: 8'b00100010 
	Parameter DO_MATHS_OPP_SAVE_IN_A bound to: 8'b00110000 
	Parameter DO_MATHS_OPP_SAVE_IN_B bound to: 8'b00110001 
	Parameter DO_MATHS_OPP_0 bound to: 8'b00110010 
	Parameter IF_A_EQUALITY_B_GOTO bound to: 8'b01000000 
	Parameter IF_A_EQUALITY_B_GOTO_EQ bound to: 8'b01000001 
	Parameter IF_A_EQUALITY_B_GOTO_GT bound to: 8'b01000010 
	Parameter IF_A_EQUALITY_B_GOTO_LT bound to: 8'b01000011 
	Parameter IF_A_EQUALITY_B_GOTO_CO bound to: 8'b01000100 
	Parameter GOTO bound to: 8'b01010000 
	Parameter GOTO_0 bound to: 8'b01010001 
	Parameter GOTO_1 bound to: 8'b01010010 
	Parameter FUNCTION_START bound to: 8'b01100000 
	Parameter FUNCTION_START_0 bound to: 8'b01100001 
	Parameter FUNCTION_START_1 bound to: 8'b01100010 
	Parameter RETURN bound to: 8'b01110000 
	Parameter RETURN_0 bound to: 8'b01110001 
	Parameter DE_REFERENCE_A bound to: 8'b10000000 
	Parameter DE_REFERENCE_A_0 bound to: 8'b10000001 
	Parameter DE_REFERENCE_A_1 bound to: 8'b10000010 
	Parameter DE_REFERENCE_B bound to: 8'b10000011 
	Parameter DE_REFERENCE_B_0 bound to: 8'b10000100 
	Parameter DE_REFERENCE_B_1 bound to: 8'b10000101 
INFO: [Synth 8-638] synthesizing module 'ALU' [C:/Users/Marco/digital_lab/VGA-Interface/VGA-Interface.srcs/sources_1/new/ALU.v:23]
INFO: [Synth 8-256] done synthesizing module 'ALU' (3#1) [C:/Users/Marco/digital_lab/VGA-Interface/VGA-Interface.srcs/sources_1/new/ALU.v:23]
INFO: [Synth 8-155] case statement is not full and has no default [C:/Users/Marco/digital_lab/VGA-Interface/VGA-Interface.srcs/sources_1/new/Processor.v:203]
INFO: [Synth 8-256] done synthesizing module 'Processor' (4#1) [C:/Users/Marco/digital_lab/VGA-Interface/VGA-Interface.srcs/sources_1/new/Processor.v:23]
INFO: [Synth 8-638] synthesizing module 'VGA_Interface' [C:/Users/Marco/digital_lab/VGA-Interface/VGA-Interface.srcs/sources_1/new/VGA_Interface.v:23]
INFO: [Synth 8-638] synthesizing module 'Frame_Buffer' [C:/Users/Marco/digital_lab/VGA-Interface/VGA-Interface.srcs/sources_1/new/Frame_Buffer.v:23]
INFO: [Synth 8-256] done synthesizing module 'Frame_Buffer' (5#1) [C:/Users/Marco/digital_lab/VGA-Interface/VGA-Interface.srcs/sources_1/new/Frame_Buffer.v:23]
INFO: [Synth 8-638] synthesizing module 'VGA_Sig_Gen' [C:/Users/Marco/digital_lab/VGA-Interface/VGA-Interface.srcs/sources_1/new/VGA_Sig_Gen.v:23]
	Parameter VTPulseWidthEnd bound to: 10'b0000000010 
	Parameter VTBackPorchEnd bound to: 10'b0000011111 
	Parameter VTDisplayTimeEnd bound to: 10'b0111111111 
	Parameter VTFrontPorchEnd bound to: 10'b1000001001 
	Parameter HTPulseWidthEnd bound to: 10'b0001100000 
	Parameter HTBackPorchEnd bound to: 10'b0010010000 
	Parameter HTDisplayTimeEnd bound to: 10'b1100010000 
	Parameter HTFrontPorchEnd bound to: 10'b1100100000 
INFO: [Synth 8-638] synthesizing module 'Counter' [C:/Users/Marco/digital_lab/VGA-Interface/VGA-Interface.srcs/sources_1/new/Counter.v:23]
	Parameter COUNTER_WIDTH bound to: 3 - type: integer 
	Parameter COUNTER_MAX bound to: 3 - type: integer 
INFO: [Synth 8-256] done synthesizing module 'Counter' (6#1) [C:/Users/Marco/digital_lab/VGA-Interface/VGA-Interface.srcs/sources_1/new/Counter.v:23]
WARNING: [Synth 8-350] instance 'CounterCLK' of module 'Counter' requires 5 connections, but only 4 given [C:/Users/Marco/digital_lab/VGA-Interface/VGA-Interface.srcs/sources_1/new/VGA_Sig_Gen.v:42]
INFO: [Synth 8-638] synthesizing module 'Counter__parameterized0' [C:/Users/Marco/digital_lab/VGA-Interface/VGA-Interface.srcs/sources_1/new/Counter.v:23]
	Parameter COUNTER_WIDTH bound to: 10 - type: integer 
	Parameter COUNTER_MAX bound to: 10'b1100100000 
INFO: [Synth 8-256] done synthesizing module 'Counter__parameterized0' (6#1) [C:/Users/Marco/digital_lab/VGA-Interface/VGA-Interface.srcs/sources_1/new/Counter.v:23]
INFO: [Synth 8-638] synthesizing module 'Counter__parameterized1' [C:/Users/Marco/digital_lab/VGA-Interface/VGA-Interface.srcs/sources_1/new/Counter.v:23]
	Parameter COUNTER_WIDTH bound to: 10 - type: integer 
	Parameter COUNTER_MAX bound to: 10'b1000001001 
INFO: [Synth 8-256] done synthesizing module 'Counter__parameterized1' (6#1) [C:/Users/Marco/digital_lab/VGA-Interface/VGA-Interface.srcs/sources_1/new/Counter.v:23]
WARNING: [Synth 8-350] instance 'CounterV' of module 'Counter' requires 5 connections, but only 4 given [C:/Users/Marco/digital_lab/VGA-Interface/VGA-Interface.srcs/sources_1/new/VGA_Sig_Gen.v:83]
INFO: [Synth 8-256] done synthesizing module 'VGA_Sig_Gen' (7#1) [C:/Users/Marco/digital_lab/VGA-Interface/VGA-Interface.srcs/sources_1/new/VGA_Sig_Gen.v:23]
INFO: [Synth 8-638] synthesizing module 'Counter__parameterized2' [C:/Users/Marco/digital_lab/VGA-Interface/VGA-Interface.srcs/sources_1/new/Counter.v:23]
	Parameter COUNTER_WIDTH bound to: 27 - type: integer 
	Parameter COUNTER_MAX bound to: 99999999 - type: integer 
INFO: [Synth 8-256] done synthesizing module 'Counter__parameterized2' (7#1) [C:/Users/Marco/digital_lab/VGA-Interface/VGA-Interface.srcs/sources_1/new/Counter.v:23]
WARNING: [Synth 8-350] instance 'Colour_Counter' of module 'Counter' requires 5 connections, but only 4 given [C:/Users/Marco/digital_lab/VGA-Interface/VGA-Interface.srcs/sources_1/new/VGA_Interface.v:79]
WARNING: [Synth 8-3848] Net VGA_ADDRH_A in module/entity VGA_Interface does not have driver. [C:/Users/Marco/digital_lab/VGA-Interface/VGA-Interface.srcs/sources_1/new/VGA_Interface.v:34]
WARNING: [Synth 8-3848] Net VGA_ADDRV_A in module/entity VGA_Interface does not have driver. [C:/Users/Marco/digital_lab/VGA-Interface/VGA-Interface.srcs/sources_1/new/VGA_Interface.v:35]
INFO: [Synth 8-256] done synthesizing module 'VGA_Interface' (8#1) [C:/Users/Marco/digital_lab/VGA-Interface/VGA-Interface.srcs/sources_1/new/VGA_Interface.v:23]
INFO: [Synth 8-638] synthesizing module 'Timer' [C:/Users/Marco/digital_lab/VGA-Interface/VGA-Interface.srcs/sources_1/new/Timer.v:23]
	Parameter TimerBaseAddr bound to: 8'b11110000 
	Parameter InitialIterruptRate bound to: 100 - type: integer 
	Parameter InitialIterruptEnable bound to: 1'b1 
INFO: [Synth 8-256] done synthesizing module 'Timer' (9#1) [C:/Users/Marco/digital_lab/VGA-Interface/VGA-Interface.srcs/sources_1/new/Timer.v:23]
INFO: [Synth 8-638] synthesizing module 'New_Top_Wrapper' [C:/Users/Marco/digital_lab/VGA-Interface/VGA-Interface.srcs/sources_1/new/New_Top_Wrapper.v:23]
	Parameter IRBaseAddr bound to: 8'b10010000 
INFO: [Synth 8-638] synthesizing module 'TENHz_Counter2' [C:/Users/Marco/digital_lab/VGA-Interface/VGA-Interface.srcs/sources_1/new/TENHz_Counter2.v:23]
INFO: [Synth 8-256] done synthesizing module 'TENHz_Counter2' (10#1) [C:/Users/Marco/digital_lab/VGA-Interface/VGA-Interface.srcs/sources_1/new/TENHz_Counter2.v:23]
INFO: [Synth 8-638] synthesizing module 'IRTransmitterSM2' [C:/Users/Marco/digital_lab/VGA-Interface/VGA-Interface.srcs/sources_1/new/IRTransmitterSM2.v:23]
	Parameter StartBurstSize bound to: 88 - type: integer 
	Parameter GapSize bound to: 40 - type: integer 
	Parameter CarSelectBurstSize bound to: 22 - type: integer 
	Parameter AssertBurstSize bound to: 44 - type: integer 
	Parameter DeAssertBurstSize bound to: 22 - type: integer 
	Parameter CLKratio bound to: 2500 - type: integer 
	Parameter IDLE bound to: 4'b0000 
	Parameter START bound to: 4'b0001 
	Parameter GAP_start bound to: 4'b0010 
	Parameter CAR_SELECT bound to: 4'b0011 
	Parameter GAP_carselect bound to: 4'b0100 
	Parameter RIGHT bound to: 4'b0101 
	Parameter GAP_right bound to: 4'b0110 
	Parameter LEFT bound to: 4'b0111 
	Parameter GAP_left bound to: 4'b1000 
	Parameter BACKWARD bound to: 4'b1001 
	Parameter GAP_backward bound to: 4'b1010 
	Parameter FORWARD bound to: 4'b1011 
	Parameter GAP_forward bound to: 4'b1100 
INFO: [Synth 8-256] done synthesizing module 'IRTransmitterSM2' (11#1) [C:/Users/Marco/digital_lab/VGA-Interface/VGA-Interface.srcs/sources_1/new/IRTransmitterSM2.v:23]
INFO: [Synth 8-256] done synthesizing module 'New_Top_Wrapper' (12#1) [C:/Users/Marco/digital_lab/VGA-Interface/VGA-Interface.srcs/sources_1/new/New_Top_Wrapper.v:23]
INFO: [Synth 8-638] synthesizing module 'LED_Driver' [C:/Users/Marco/digital_lab/VGA-Interface/VGA-Interface.srcs/sources_1/new/LED_Driver.v:23]
	Parameter LEDBaseAddr bound to: 8'b11110000 
INFO: [Synth 8-256] done synthesizing module 'LED_Driver' (13#1) [C:/Users/Marco/digital_lab/VGA-Interface/VGA-Interface.srcs/sources_1/new/LED_Driver.v:23]
INFO: [Synth 8-638] synthesizing module 'Seven_Seg_Driver' [C:/Users/Marco/digital_lab/VGA-Interface/VGA-Interface.srcs/sources_1/new/Seven_Seg_Driver.v:23]
	Parameter SevenSegAddr bound to: 8'b11010000 
INFO: [Synth 8-638] synthesizing module 'Register_display' [C:/Users/Marco/digital_lab/VGA-Interface/VGA-Interface.srcs/sources_1/new/Register_display.v:21]
INFO: [Synth 8-638] synthesizing module 'Generic_counter' [C:/Users/Marco/digital_lab/VGA-Interface/VGA-Interface.srcs/sources_1/new/Generic_counter.v:23]
	Parameter COUNTER_WIDTH bound to: 17 - type: integer 
	Parameter COUNTER_MAX bound to: 99999 - type: integer 
INFO: [Synth 8-256] done synthesizing module 'Generic_counter' (14#1) [C:/Users/Marco/digital_lab/VGA-Interface/VGA-Interface.srcs/sources_1/new/Generic_counter.v:23]
WARNING: [Synth 8-350] instance 'Bit17Counter' of module 'Generic_counter' requires 5 connections, but only 4 given [C:/Users/Marco/digital_lab/VGA-Interface/VGA-Interface.srcs/sources_1/new/Register_display.v:39]
INFO: [Synth 8-638] synthesizing module 'Generic_counter__parameterized0' [C:/Users/Marco/digital_lab/VGA-Interface/VGA-Interface.srcs/sources_1/new/Generic_counter.v:23]
	Parameter COUNTER_WIDTH bound to: 2 - type: integer 
	Parameter COUNTER_MAX bound to: 3 - type: integer 
INFO: [Synth 8-256] done synthesizing module 'Generic_counter__parameterized0' (14#1) [C:/Users/Marco/digital_lab/VGA-Interface/VGA-Interface.srcs/sources_1/new/Generic_counter.v:23]
WARNING: [Synth 8-350] instance 'Bit2Counter' of module 'Generic_counter' requires 5 connections, but only 4 given [C:/Users/Marco/digital_lab/VGA-Interface/VGA-Interface.srcs/sources_1/new/Register_display.v:50]
INFO: [Synth 8-638] synthesizing module 'MUX_2_4' [C:/Users/Marco/digital_lab/VGA-Interface/VGA-Interface.srcs/sources_1/new/MUX_2_4.v:23]
INFO: [Synth 8-226] default block is never used [C:/Users/Marco/digital_lab/VGA-Interface/VGA-Interface.srcs/sources_1/new/MUX_2_4.v:33]
INFO: [Synth 8-256] done synthesizing module 'MUX_2_4' (15#1) [C:/Users/Marco/digital_lab/VGA-Interface/VGA-Interface.srcs/sources_1/new/MUX_2_4.v:23]
INFO: [Synth 8-638] synthesizing module 'seg7decoder' [C:/Users/Marco/digital_lab/VGA-Interface/VGA-Interface.srcs/sources_1/new/seg7decoder.v:30]
INFO: [Synth 8-226] default block is never used [C:/Users/Marco/digital_lab/VGA-Interface/VGA-Interface.srcs/sources_1/new/seg7decoder.v:39]
INFO: [Synth 8-226] default block is never used [C:/Users/Marco/digital_lab/VGA-Interface/VGA-Interface.srcs/sources_1/new/seg7decoder.v:68]
INFO: [Synth 8-256] done synthesizing module 'seg7decoder' (16#1) [C:/Users/Marco/digital_lab/VGA-Interface/VGA-Interface.srcs/sources_1/new/seg7decoder.v:30]
INFO: [Synth 8-256] done synthesizing module 'Register_display' (17#1) [C:/Users/Marco/digital_lab/VGA-Interface/VGA-Interface.srcs/sources_1/new/Register_display.v:21]
INFO: [Synth 8-256] done synthesizing module 'Seven_Seg_Driver' (18#1) [C:/Users/Marco/digital_lab/VGA-Interface/VGA-Interface.srcs/sources_1/new/Seven_Seg_Driver.v:23]
INFO: [Synth 8-638] synthesizing module 'Mouse_Driver' [C:/Users/Marco/digital_lab/VGA-Interface/VGA-Interface.srcs/sources_1/new/Mouse_Driver.v:23]
	Parameter MouseBaseAddr bound to: 8'b10100000 
INFO: [Synth 8-638] synthesizing module 'MouseTransceiver' [C:/Users/Marco/digital_lab/VGA-Interface/VGA-Interface.srcs/sources_1/new/MouseTransceiver.v:23]
	Parameter MouseLimitX bound to: 8'b10100000 
	Parameter MouseLimitY bound to: 8'b01111000 
INFO: [Synth 8-638] synthesizing module 'MouseTransmitter' [C:/Users/Marco/digital_lab/VGA-Interface/VGA-Interface.srcs/sources_1/new/MouseTransmitter.v:23]
INFO: [Synth 8-256] done synthesizing module 'MouseTransmitter' (19#1) [C:/Users/Marco/digital_lab/VGA-Interface/VGA-Interface.srcs/sources_1/new/MouseTransmitter.v:23]
INFO: [Synth 8-638] synthesizing module 'MouseReceiver' [C:/Users/Marco/digital_lab/VGA-Interface/VGA-Interface.srcs/sources_1/new/MouseReceiver.v:24]
INFO: [Synth 8-256] done synthesizing module 'MouseReceiver' (20#1) [C:/Users/Marco/digital_lab/VGA-Interface/VGA-Interface.srcs/sources_1/new/MouseReceiver.v:24]
INFO: [Synth 8-638] synthesizing module 'MouseMasterSM' [C:/Users/Marco/digital_lab/VGA-Interface/VGA-Interface.srcs/sources_1/new/MouseMasterSM.v:23]
INFO: [Synth 8-256] done synthesizing module 'MouseMasterSM' (21#1) [C:/Users/Marco/digital_lab/VGA-Interface/VGA-Interface.srcs/sources_1/new/MouseMasterSM.v:23]
INFO: [Synth 8-256] done synthesizing module 'MouseTransceiver' (22#1) [C:/Users/Marco/digital_lab/VGA-Interface/VGA-Interface.srcs/sources_1/new/MouseTransceiver.v:23]
WARNING: [Synth 8-350] instance 'Mouse_transceiver' of module 'MouseTransceiver' requires 11 connections, but only 10 given [C:/Users/Marco/digital_lab/VGA-Interface/VGA-Interface.srcs/sources_1/new/Mouse_Driver.v:51]
INFO: [Synth 8-256] done synthesizing module 'Mouse_Driver' (23#1) [C:/Users/Marco/digital_lab/VGA-Interface/VGA-Interface.srcs/sources_1/new/Mouse_Driver.v:23]
WARNING: [Synth 8-350] instance 'Mouse_Driver_inst' of module 'Mouse_Driver' requires 10 connections, but only 9 given [C:/Users/Marco/digital_lab/VGA-Interface/VGA-Interface.srcs/sources_1/new/Top_Wrapper.v:127]
INFO: [Synth 8-256] done synthesizing module 'Top_Wrapper' (24#1) [C:/Users/Marco/digital_lab/VGA-Interface/VGA-Interface.srcs/sources_1/new/Top_Wrapper.v:23]
---------------------------------------------------------------------------------
Finished RTL Elaboration : Time (s): cpu = 00:00:05 ; elapsed = 00:00:07 . Memory (MB): peak = 299.289 ; gain = 122.461
---------------------------------------------------------------------------------

Report Check Netlist: 
+------+------------------+-------+---------+-------+------------------+
|      |Item              |Errors |Warnings |Status |Description       |
+------+------------------+-------+---------+-------+------------------+
|1     |multi_driven_nets |      0|        0|Passed |Multi driven nets |
+------+------------------+-------+---------+-------+------------------+
---------------------------------------------------------------------------------
Finished RTL Optimization Phase 1 : Time (s): cpu = 00:00:05 ; elapsed = 00:00:08 . Memory (MB): peak = 299.289 ; gain = 122.461
---------------------------------------------------------------------------------
INFO: [Device 21-403] Loading part xc7a35tcpg236-1
INFO: [Project 1-570] Preparing netlist for logic optimization

Processing XDC Constraints
Initializing timing engine
Parsing XDC File [C:/Users/Marco/digital_lab/VGA-Interface/VGA-Interface.srcs/constrs_1/new/VGA_constraints.xdc]
Finished Parsing XDC File [C:/Users/Marco/digital_lab/VGA-Interface/VGA-Interface.srcs/constrs_1/new/VGA_constraints.xdc]
Completed Processing XDC Constraints

INFO: [Project 1-111] Unisim Transformation Summary:
No Unisim elements were transformed.

Constraint Validation Runtime : Time (s): cpu = 00:00:00 ; elapsed = 00:00:00 . Memory (MB): peak = 593.789 ; gain = 0.000
---------------------------------------------------------------------------------
Finished Constraint Validation : Time (s): cpu = 00:00:11 ; elapsed = 00:00:15 . Memory (MB): peak = 593.789 ; gain = 416.961
---------------------------------------------------------------------------------
---------------------------------------------------------------------------------
Start Loading Part and Timing Information
---------------------------------------------------------------------------------
Loading part: xc7a35tcpg236-1
---------------------------------------------------------------------------------
Finished Loading Part and Timing Information : Time (s): cpu = 00:00:11 ; elapsed = 00:00:15 . Memory (MB): peak = 593.789 ; gain = 416.961
---------------------------------------------------------------------------------
---------------------------------------------------------------------------------
Start Applying 'set_property' XDC Constraints
---------------------------------------------------------------------------------
---------------------------------------------------------------------------------
Finished applying 'set_property' XDC Constraints : Time (s): cpu = 00:00:11 ; elapsed = 00:00:15 . Memory (MB): peak = 593.789 ; gain = 416.961
---------------------------------------------------------------------------------
INFO: [Synth 8-3537] HDL ADVISOR - The operator resource <adder> is shared. To prevent sharing consider applying a KEEP on the inputs of the operator [C:/Users/Marco/digital_lab/VGA-Interface/VGA-Interface.srcs/sources_1/new/ALU.v:39]
INFO: [Synth 8-802] inferred FSM for state register 'CurrState_reg' in module 'Processor'
INFO: [Synth 8-5544] ROM "NextProgCounterOffset" won't be mapped to Block RAM because address size (2) smaller than threshold (5)
INFO: [Synth 8-5544] ROM "NextProgContext" won't be mapped to Block RAM because address size (2) smaller than threshold (5)
INFO: [Synth 8-5546] ROM "NextBusDataOut" won't be mapped to RAM because it is too sparse
INFO: [Synth 8-5546] ROM "NextRegSelect" won't be mapped to RAM because it is too sparse
INFO: [Synth 8-5544] ROM "NextState" won't be mapped to Block RAM because address size (1) smaller than threshold (5)
INFO: [Synth 8-5544] ROM "NextState" won't be mapped to Block RAM because address size (4) smaller than threshold (5)
INFO: [Synth 8-5545] ROM "DownCounter" won't be mapped to RAM because address size (32) is larger than maximum supported(18)
INFO: [Synth 8-5545] ROM "Timer" won't be mapped to RAM because address size (32) is larger than maximum supported(18)
INFO: [Synth 8-5546] ROM "TransmitTimerValue" won't be mapped to RAM because it is too sparse
INFO: [Synth 8-5545] ROM "SEND_PACKET" won't be mapped to RAM because address size (24) is larger than maximum supported(18)
INFO: [Synth 8-802] inferred FSM for state register 'Curr_State_reg' in module 'IRTransmitterSM2'
INFO: [Synth 8-5546] ROM "pulse" won't be mapped to RAM because it is too sparse
INFO: [Synth 8-5545] ROM "CLK_Reset" won't be mapped to RAM because address size (27) is larger than maximum supported(18)
INFO: [Synth 8-5545] ROM "CLK_Reset" won't be mapped to RAM because address size (27) is larger than maximum supported(18)
INFO: [Synth 8-5545] ROM "CLK_Reset" won't be mapped to RAM because address size (27) is larger than maximum supported(18)
INFO: [Synth 8-5545] ROM "CLK_Reset" won't be mapped to RAM because address size (27) is larger than maximum supported(18)
INFO: [Synth 8-5545] ROM "Next_State" won't be mapped to RAM because address size (27) is larger than maximum supported(18)
INFO: [Synth 8-5545] ROM "Next_State" won't be mapped to RAM because address size (27) is larger than maximum supported(18)
INFO: [Synth 8-5545] ROM "Next_State" won't be mapped to RAM because address size (27) is larger than maximum supported(18)
INFO: [Synth 8-5545] ROM "Next_State" won't be mapped to RAM because address size (27) is larger than maximum supported(18)
INFO: [Synth 8-5545] ROM "Next_State" won't be mapped to RAM because address size (27) is larger than maximum supported(18)
INFO: [Synth 8-5545] ROM "Next_State" won't be mapped to RAM because address size (27) is larger than maximum supported(18)
INFO: [Synth 8-5545] ROM "Next_State" won't be mapped to RAM because address size (27) is larger than maximum supported(18)
INFO: [Synth 8-5545] ROM "Next_State" won't be mapped to RAM because address size (27) is larger than maximum supported(18)
INFO: [Synth 8-5545] ROM "Next_State" won't be mapped to RAM because address size (27) is larger than maximum supported(18)
INFO: [Synth 8-5545] ROM "Next_State" won't be mapped to RAM because address size (27) is larger than maximum supported(18)
INFO: [Synth 8-5545] ROM "Next_State" won't be mapped to RAM because address size (27) is larger than maximum supported(18)
INFO: [Synth 8-5545] ROM "Next_State" won't be mapped to RAM because address size (27) is larger than maximum supported(18)
INFO: [Synth 8-5545] ROM "Next_State" won't be mapped to RAM because address size (27) is larger than maximum supported(18)
INFO: [Synth 8-5545] ROM "Next_State" won't be mapped to RAM because address size (27) is larger than maximum supported(18)
INFO: [Synth 8-5545] ROM "Next_State" won't be mapped to RAM because address size (27) is larger than maximum supported(18)
INFO: [Synth 8-5545] ROM "Next_State" won't be mapped to RAM because address size (27) is larger than maximum supported(18)
INFO: [Synth 8-5546] ROM "LED_DATA" won't be mapped to RAM because it is too sparse
INFO: [Synth 8-5546] ROM "X_DATA" won't be mapped to RAM because it is too sparse
INFO: [Synth 8-802] inferred FSM for state register 'Curr_State_reg' in module 'MouseTransmitter'
INFO: [Synth 8-5544] ROM "Next_MouseClkOutWE" won't be mapped to Block RAM because address size (4) smaller than threshold (5)
INFO: [Synth 8-5544] ROM "Next_MouseDataOutWE" won't be mapped to Block RAM because address size (4) smaller than threshold (5)
INFO: [Synth 8-802] inferred FSM for state register 'Curr_State_reg' in module 'MouseReceiver'
INFO: [Synth 8-5544] ROM "Next_State" won't be mapped to Block RAM because address size (4) smaller than threshold (5)
INFO: [Synth 8-5546] ROM "Next_State" won't be mapped to RAM because it is too sparse
INFO: [Synth 8-5546] ROM "Next_State" won't be mapped to RAM because it is too sparse
INFO: [Synth 8-5546] ROM "Next_State" won't be mapped to RAM because it is too sparse
INFO: [Synth 8-802] inferred FSM for state register 'Curr_State_reg' in module 'MouseMasterSM'
INFO: [Synth 8-5544] ROM "Next_Counter" won't be mapped to Block RAM because address size (2) smaller than threshold (5)
INFO: [Synth 8-5544] ROM "Next_Status" won't be mapped to Block RAM because address size (2) smaller than threshold (5)
INFO: [Synth 8-5546] ROM "Next_State" won't be mapped to RAM because it is too sparse
INFO: [Synth 8-5544] ROM "Next_State" won't be mapped to Block RAM because address size (2) smaller than threshold (5)
INFO: [Synth 8-5544] ROM "Next_State" won't be mapped to Block RAM because address size (2) smaller than threshold (5)
INFO: [Synth 8-5544] ROM "Next_State" won't be mapped to Block RAM because address size (2) smaller than threshold (5)
INFO: [Synth 8-5544] ROM "Next_SendInterrupt" won't be mapped to Block RAM because address size (4) smaller than threshold (5)
INFO: [Synth 8-5544] ROM "Next_ByteToSend" won't be mapped to Block RAM because address size (4) smaller than threshold (5)
INFO: [Synth 8-5544] ROM "Next_SendByte" won't be mapped to Block RAM because address size (4) smaller than threshold (5)
INFO: [Synth 8-5544] ROM "Next_State" won't be mapped to Block RAM because address size (1) smaller than threshold (5)
INFO: [Synth 8-5544] ROM "Next_State" won't be mapped to Block RAM because address size (1) smaller than threshold (5)
INFO: [Synth 8-5544] ROM "Next_State" won't be mapped to Block RAM because address size (1) smaller than threshold (5)
INFO: [Synth 8-5546] ROM "Next_State" won't be mapped to RAM because it is too sparse
INFO: [Synth 8-5544] ROM "Next_State" won't be mapped to Block RAM because address size (2) smaller than threshold (5)
INFO: [Synth 8-5544] ROM "Next_State" won't be mapped to Block RAM because address size (2) smaller than threshold (5)
INFO: [Synth 8-5544] ROM "Next_State" won't be mapped to Block RAM because address size (2) smaller than threshold (5)
INFO: [Synth 8-5546] ROM "TransmitMouseValue_Next" won't be mapped to RAM because it is too sparse
INFO: [Synth 8-5562] The signal DATA_reg is implemented as block RAM but is better mapped onto distributed LUT RAM for the following reason(s): The *depth (8 address bits)* is shallow. Please use attribute (* ram_style = "distributed" *) to instruct Vivado to infer distributed LUT RAM.
INFO: [Synth 8-5562] The signal Mem_reg is implemented as block RAM but is better mapped onto distributed LUT RAM for the following reason(s): The *depth (7 address bits)* is shallow. Please use attribute (* ram_style = "distributed" *) to instruct Vivado to infer distributed LUT RAM.
---------------------------------------------------------------------------------------------------
                   State |                     New Encoding |                     Old Encoding 
---------------------------------------------------------------------------------------------------
              CHOOSE_OPP |                           000000 |                         00000000
                    IDLE |                           000001 |                         11110000
 GET_THREAD_START_ADDR_0 |                           000010 |                         11110001
 GET_THREAD_START_ADDR_1 |                           000011 |                         11110010
 GET_THREAD_START_ADDR_2 |                           000100 |                         11110011
      READ_FROM_MEM_TO_A |                           000101 |                         00010000
      READ_FROM_MEM_TO_B |                           000110 |                         00010001
         READ_FROM_MEM_0 |                           000111 |                         00010010
         READ_FROM_MEM_1 |                           001000 |                         00010011
         READ_FROM_MEM_2 |                           001001 |                         00010100
     WRITE_TO_MEM_FROM_A |                           001010 |                         00100000
     WRITE_TO_MEM_FROM_B |                           001011 |                         00100001
          WRITE_TO_MEM_0 |                           001100 |                         00100010
  DO_MATHS_OPP_SAVE_IN_A |                           001101 |                         00110000
  DO_MATHS_OPP_SAVE_IN_B |                           001110 |                         00110001
          DO_MATHS_OPP_0 |                           001111 |                         00110010
    IF_A_EQUALITY_B_GOTO |                           010000 |                         01000000
 IF_A_EQUALITY_B_GOTO_LT |                           010001 |                         01000011
 IF_A_EQUALITY_B_GOTO_GT |                           010010 |                         01000010
 IF_A_EQUALITY_B_GOTO_EQ |                           010011 |                         01000001
 IF_A_EQUALITY_B_GOTO_CO |                           010100 |                         01000100
                    GOTO |                           010101 |                         01010000
                  GOTO_0 |                           010110 |                         01010001
                  GOTO_1 |                           010111 |                         01010010
          FUNCTION_START |                           011000 |                         01100000
        FUNCTION_START_0 |                           011001 |                         01100001
        FUNCTION_START_1 |                           011010 |                         01100010
                  RETURN |                           011011 |                         01110000
                RETURN_0 |                           011100 |                         01110001
          DE_REFERENCE_A |                           011101 |                         10000000
        DE_REFERENCE_A_0 |                           011110 |                         10000001
        DE_REFERENCE_A_1 |                           011111 |                         10000010
          DE_REFERENCE_B |                           100000 |                         10000011
        DE_REFERENCE_B_0 |                           100001 |                         10000100
        DE_REFERENCE_B_1 |                           100010 |                         10000101
---------------------------------------------------------------------------------------------------
INFO: [Synth 8-3354] encoded FSM with state register 'CurrState_reg' using encoding 'sequential' in module 'Processor'
---------------------------------------------------------------------------------------------------
                   State |                     New Encoding |                     Old Encoding 
---------------------------------------------------------------------------------------------------
                    IDLE |                             0000 |                             0000
                   START |                             0001 |                             0001
               GAP_start |                             0010 |                             0010
              CAR_SELECT |                             0011 |                             0011
           GAP_carselect |                             0100 |                             0100
                   RIGHT |                             0101 |                             0101
               GAP_right |                             0110 |                             0110
                    LEFT |                             0111 |                             0111
                GAP_left |                             1000 |                             1000
                BACKWARD |                             1001 |                             1001
            GAP_backward |                             1010 |                             1010
                 FORWARD |                             1011 |                             1011
             GAP_forward |                             1100 |                             1100
---------------------------------------------------------------------------------------------------
INFO: [Synth 8-3354] encoded FSM with state register 'Curr_State_reg' using encoding 'sequential' in module 'IRTransmitterSM2'
---------------------------------------------------------------------------------------------------
                   State |                     New Encoding |                     Old Encoding 
---------------------------------------------------------------------------------------------------
                  iSTATE |                             0000 |                             0000
                 iSTATE0 |                             0001 |                             0001
                 iSTATE1 |                             0010 |                             0010
                 iSTATE2 |                             0011 |                             0011
                 iSTATE3 |                             0100 |                             0100
                 iSTATE4 |                             0101 |                             0101
                 iSTATE5 |                             0110 |                             0110
                 iSTATE6 |                             0111 |                             0111
                 iSTATE7 |                             1000 |                             1000
                 iSTATE8 |                             1001 |                             1001
---------------------------------------------------------------------------------------------------
INFO: [Synth 8-3354] encoded FSM with state register 'Curr_State_reg' using encoding 'sequential' in module 'MouseTransmitter'
---------------------------------------------------------------------------------------------------
                   State |                     New Encoding |                     Old Encoding 
---------------------------------------------------------------------------------------------------
                  iSTATE |                              000 |                              000
                 iSTATE0 |                              001 |                              001
                 iSTATE1 |                              010 |                              010
                 iSTATE2 |                              011 |                              011
                 iSTATE3 |                              100 |                              100
---------------------------------------------------------------------------------------------------
INFO: [Synth 8-3354] encoded FSM with state register 'Curr_State_reg' using encoding 'sequential' in module 'MouseReceiver'
---------------------------------------------------------------------------------------------------
                   State |                     New Encoding |                     Old Encoding 
---------------------------------------------------------------------------------------------------
                  iSTATE |                             0000 |                             0000
                 iSTATE0 |                             0001 |                             0001
                 iSTATE1 |                             0010 |                             0010
                 iSTATE2 |                             0011 |                             0011
                 iSTATE3 |                             0100 |                             0100
                 iSTATE4 |                             0101 |                             0101
                 iSTATE5 |                             0110 |                             0110
                 iSTATE6 |                             0111 |                             0111
                 iSTATE7 |                             1000 |                             1000
                 iSTATE8 |                             1001 |                             1001
                 iSTATE9 |                             1010 |                             1010
                iSTATE10 |                             1011 |                             1011
                iSTATE11 |                             1100 |                             1100
---------------------------------------------------------------------------------------------------
INFO: [Synth 8-3354] encoded FSM with state register 'Curr_State_reg' using encoding 'sequential' in module 'MouseMasterSM'
---------------------------------------------------------------------------------
Finished RTL Optimization Phase 2 : Time (s): cpu = 00:00:14 ; elapsed = 00:00:20 . Memory (MB): peak = 593.789 ; gain = 416.961
---------------------------------------------------------------------------------

Report RTL Partitions: 
+-+--------------+------------+----------+
| |RTL Partition |Replication |Instances |
+-+--------------+------------+----------+
+-+--------------+------------+----------+
---------------------------------------------------------------------------------
Start RTL Component Statistics 
---------------------------------------------------------------------------------
Detailed RTL Component Info : 
+---Adders : 
	   2 Input     32 Bit       Adders := 2     
	   2 Input     27 Bit       Adders := 1     
	   2 Input     24 Bit       Adders := 2     
	   2 Input     17 Bit       Adders := 1     
	   2 Input     16 Bit       Adders := 2     
	   2 Input     12 Bit       Adders := 1     
	   2 Input     10 Bit       Adders := 3     
	   2 Input      9 Bit       Adders := 3     
	   3 Input      8 Bit       Adders := 1     
	   2 Input      8 Bit       Adders := 4     
	   2 Input      4 Bit       Adders := 1     
	   2 Input      3 Bit       Adders := 1     
	   2 Input      2 Bit       Adders := 1     
+---XORs : 
	                8 Bit    Wide XORs := 2     
+---Registers : 
	               32 Bit    Registers := 2     
	               27 Bit    Registers := 1     
	               24 Bit    Registers := 2     
	               17 Bit    Registers := 1     
	               16 Bit    Registers := 2     
	               12 Bit    Registers := 1     
	               10 Bit    Registers := 3     
	                9 Bit    Registers := 1     
	                8 Bit    Registers := 27    
	                7 Bit    Registers := 1     
	                4 Bit    Registers := 2     
	                3 Bit    Registers := 1     
	                2 Bit    Registers := 4     
	                1 Bit    Registers := 34    
+---RAMs : 
	              32K Bit         RAMs := 1     
	             1024 Bit         RAMs := 1     
+---ROMs : 
	                              ROMs := 1     
+---Muxes : 
	  13 Input     24 Bit        Muxes := 1     
	  10 Input     16 Bit        Muxes := 1     
	   2 Input     16 Bit        Muxes := 1     
	   5 Input     16 Bit        Muxes := 1     
	   2 Input      9 Bit        Muxes := 4     
	  15 Input      8 Bit        Muxes := 3     
	   3 Input      8 Bit        Muxes := 1     
	   2 Input      8 Bit        Muxes := 14    
	  35 Input      8 Bit        Muxes := 5     
	  10 Input      8 Bit        Muxes := 1     
	   5 Input      8 Bit        Muxes := 1     
	   4 Input      8 Bit        Muxes := 2     
	  13 Input      8 Bit        Muxes := 4     
	  16 Input      7 Bit        Muxes := 1     
	  53 Input      6 Bit        Muxes := 1     
	   4 Input      5 Bit        Muxes := 1     
	  34 Input      4 Bit        Muxes := 1     
	   4 Input      4 Bit        Muxes := 1     
	   2 Input      4 Bit        Muxes := 13    
	  10 Input      4 Bit        Muxes := 2     
	  19 Input      4 Bit        Muxes := 1     
	   5 Input      4 Bit        Muxes := 1     
	   3 Input      4 Bit        Muxes := 4     
	  13 Input      4 Bit        Muxes := 2     
	  30 Input      4 Bit        Muxes := 1     
	   2 Input      3 Bit        Muxes := 4     
	   5 Input      3 Bit        Muxes := 1     
	   8 Input      3 Bit        Muxes := 1     
	   3 Input      2 Bit        Muxes := 1     
	  35 Input      2 Bit        Muxes := 1     
	   2 Input      2 Bit        Muxes := 1     
	   5 Input      2 Bit        Muxes := 2     
	   2 Input      1 Bit        Muxes := 23    
	   4 Input      1 Bit        Muxes := 2     
	  35 Input      1 Bit        Muxes := 10    
	  13 Input      1 Bit        Muxes := 10    
	  10 Input      1 Bit        Muxes := 7     
	   5 Input      1 Bit        Muxes := 4     
---------------------------------------------------------------------------------
Finished RTL Component Statistics 
---------------------------------------------------------------------------------
---------------------------------------------------------------------------------
Start RTL Hierarchical Component Statistics 
---------------------------------------------------------------------------------
Hierarchical RTL Component report 
Module ROM 
Detailed RTL Component Info : 
+---Registers : 
	                8 Bit    Registers := 1     
+---ROMs : 
	                              ROMs := 1     
Module RAM 
Detailed RTL Component Info : 
+---Registers : 
	                8 Bit    Registers := 1     
	                1 Bit    Registers := 1     
+---RAMs : 
	             1024 Bit         RAMs := 1     
Module ALU 
Detailed RTL Component Info : 
+---Adders : 
	   3 Input      8 Bit       Adders := 1     
+---Registers : 
	                8 Bit    Registers := 1     
+---Muxes : 
	  15 Input      8 Bit        Muxes := 3     
Module Processor 
Detailed RTL Component Info : 
+---Adders : 
	   2 Input      8 Bit       Adders := 3     
+---Registers : 
	                8 Bit    Registers := 8     
	                2 Bit    Registers := 2     
	                1 Bit    Registers := 2     
+---Muxes : 
	   3 Input      8 Bit        Muxes := 1     
	   2 Input      8 Bit        Muxes := 4     
	  35 Input      8 Bit        Muxes := 5     
	  53 Input      6 Bit        Muxes := 1     
	   3 Input      2 Bit        Muxes := 1     
	  35 Input      2 Bit        Muxes := 1     
	   2 Input      1 Bit        Muxes := 3     
	   4 Input      1 Bit        Muxes := 1     
	  35 Input      1 Bit        Muxes := 10    
Module Frame_Buffer 
Detailed RTL Component Info : 
+---Registers : 
	                1 Bit    Registers := 2     
+---RAMs : 
	              32K Bit         RAMs := 1     
Module Counter 
Detailed RTL Component Info : 
+---Adders : 
	   2 Input      3 Bit       Adders := 1     
+---Registers : 
	                3 Bit    Registers := 1     
	                1 Bit    Registers := 1     
+---Muxes : 
	   2 Input      3 Bit        Muxes := 1     
Module Counter__parameterized0 
Detailed RTL Component Info : 
+---Adders : 
	   2 Input     10 Bit       Adders := 1     
+---Registers : 
	               10 Bit    Registers := 1     
	                1 Bit    Registers := 1     
Module Counter__parameterized1 
Detailed RTL Component Info : 
+---Adders : 
	   2 Input     10 Bit       Adders := 1     
+---Registers : 
	               10 Bit    Registers := 1     
	                1 Bit    Registers := 1     
Module VGA_Sig_Gen 
Detailed RTL Component Info : 
+---Adders : 
	   2 Input     10 Bit       Adders := 1     
	   2 Input      9 Bit       Adders := 1     
+---Registers : 
	               10 Bit    Registers := 1     
	                9 Bit    Registers := 1     
	                8 Bit    Registers := 1     
	                1 Bit    Registers := 2     
+---Muxes : 
	   2 Input      8 Bit        Muxes := 2     
Module Counter__parameterized2 
Detailed RTL Component Info : 
+---Adders : 
	   2 Input     27 Bit       Adders := 1     
+---Registers : 
	               27 Bit    Registers := 1     
	                1 Bit    Registers := 1     
Module VGA_Interface 
Detailed RTL Component Info : 
+---Registers : 
	                8 Bit    Registers := 1     
	                7 Bit    Registers := 1     
	                1 Bit    Registers := 2     
Module Timer 
Detailed RTL Component Info : 
+---Adders : 
	   2 Input     32 Bit       Adders := 2     
+---Registers : 
	               32 Bit    Registers := 2     
	                8 Bit    Registers := 1     
	                1 Bit    Registers := 4     
+---Muxes : 
	   2 Input      1 Bit        Muxes := 4     
Module TENHz_Counter2 
Detailed RTL Component Info : 
+---Adders : 
	   2 Input     24 Bit       Adders := 1     
+---Registers : 
	               24 Bit    Registers := 1     
	                1 Bit    Registers := 1     
Module IRTransmitterSM2 
Detailed RTL Component Info : 
+---Adders : 
	   2 Input     12 Bit       Adders := 1     
+---Registers : 
	               12 Bit    Registers := 1     
	                1 Bit    Registers := 1     
+---Muxes : 
	  34 Input      4 Bit        Muxes := 1     
	   2 Input      1 Bit        Muxes := 4     
	  13 Input      1 Bit        Muxes := 2     
Module New_Top_Wrapper 
Detailed RTL Component Info : 
+---Registers : 
	                4 Bit    Registers := 1     
Module LED_Driver 
Detailed RTL Component Info : 
+---Registers : 
	                8 Bit    Registers := 1     
Module Generic_counter 
Detailed RTL Component Info : 
+---Adders : 
	   2 Input     17 Bit       Adders := 1     
+---Registers : 
	               17 Bit    Registers := 1     
	                1 Bit    Registers := 1     
Module Generic_counter__parameterized0 
Detailed RTL Component Info : 
+---Adders : 
	   2 Input      2 Bit       Adders := 1     
+---Registers : 
	                2 Bit    Registers := 1     
	                1 Bit    Registers := 1     
+---Muxes : 
	   2 Input      2 Bit        Muxes := 1     
Module MUX_2_4 
Detailed RTL Component Info : 
+---Muxes : 
	   4 Input      5 Bit        Muxes := 1     
Module seg7decoder 
Detailed RTL Component Info : 
+---Muxes : 
	  16 Input      7 Bit        Muxes := 1     
	   4 Input      4 Bit        Muxes := 1     
Module Seven_Seg_Driver 
Detailed RTL Component Info : 
+---Registers : 
	                8 Bit    Registers := 2     
+---Muxes : 
	   2 Input      1 Bit        Muxes := 2     
Module MouseTransmitter 
Detailed RTL Component Info : 
+---Adders : 
	   2 Input     16 Bit       Adders := 1     
+---XORs : 
	                8 Bit    Wide XORs := 1     
+---Registers : 
	               16 Bit    Registers := 1     
	                8 Bit    Registers := 1     
	                1 Bit    Registers := 5     
+---Muxes : 
	  10 Input     16 Bit        Muxes := 1     
	   2 Input      8 Bit        Muxes := 1     
	  10 Input      8 Bit        Muxes := 1     
	   2 Input      4 Bit        Muxes := 7     
	  10 Input      4 Bit        Muxes := 2     
	  19 Input      4 Bit        Muxes := 1     
	  10 Input      1 Bit        Muxes := 7     
Module MouseReceiver 
Detailed RTL Component Info : 
+---Adders : 
	   2 Input     16 Bit       Adders := 1     
	   2 Input      4 Bit       Adders := 1     
+---XORs : 
	                8 Bit    Wide XORs := 1     
+---Registers : 
	               16 Bit    Registers := 1     
	                8 Bit    Registers := 1     
	                4 Bit    Registers := 1     
	                2 Bit    Registers := 1     
	                1 Bit    Registers := 2     
+---Muxes : 
	   2 Input     16 Bit        Muxes := 1     
	   5 Input     16 Bit        Muxes := 1     
	   5 Input      8 Bit        Muxes := 1     
	   2 Input      4 Bit        Muxes := 1     
	   5 Input      4 Bit        Muxes := 1     
	   5 Input      3 Bit        Muxes := 1     
	   8 Input      3 Bit        Muxes := 1     
	   5 Input      2 Bit        Muxes := 2     
	   2 Input      1 Bit        Muxes := 3     
	   5 Input      1 Bit        Muxes := 4     
Module MouseMasterSM 
Detailed RTL Component Info : 
+---Adders : 
	   2 Input     24 Bit       Adders := 1     
+---Registers : 
	               24 Bit    Registers := 1     
	                8 Bit    Registers := 4     
	                1 Bit    Registers := 3     
+---Muxes : 
	  13 Input     24 Bit        Muxes := 1     
	   4 Input      8 Bit        Muxes := 1     
	  13 Input      8 Bit        Muxes := 4     
	   2 Input      4 Bit        Muxes := 5     
	   3 Input      4 Bit        Muxes := 4     
	  13 Input      4 Bit        Muxes := 2     
	  30 Input      4 Bit        Muxes := 1     
	   2 Input      3 Bit        Muxes := 3     
	   2 Input      1 Bit        Muxes := 2     
	  13 Input      1 Bit        Muxes := 8     
Module MouseTransceiver 
Detailed RTL Component Info : 
+---Adders : 
	   2 Input      9 Bit       Adders := 2     
	   2 Input      8 Bit       Adders := 1     
+---Registers : 
	                8 Bit    Registers := 3     
	                1 Bit    Registers := 1     
+---Muxes : 
	   2 Input      9 Bit        Muxes := 4     
	   2 Input      8 Bit        Muxes := 6     
	   2 Input      1 Bit        Muxes := 2     
Module Mouse_Driver 
Detailed RTL Component Info : 
+---Registers : 
	                8 Bit    Registers := 1     
	                1 Bit    Registers := 2     
+---Muxes : 
	   4 Input      8 Bit        Muxes := 1     
	   2 Input      8 Bit        Muxes := 1     
	   2 Input      1 Bit        Muxes := 3     
	   4 Input      1 Bit        Muxes := 1     
---------------------------------------------------------------------------------
Finished RTL Hierarchical Component Statistics
---------------------------------------------------------------------------------
---------------------------------------------------------------------------------
Start Part Resource Summary
---------------------------------------------------------------------------------
Part Resources:
DSPs: 120 (col length:60)
BRAMs: 150 (col length: RAMB18 60 RAMB36 30)
---------------------------------------------------------------------------------
Finished Part Resource Summary
---------------------------------------------------------------------------------
Start Parallel Synthesis Optimization  : Time (s): cpu = 00:00:14 ; elapsed = 00:00:21 . Memory (MB): peak = 593.789 ; gain = 416.961
---------------------------------------------------------------------------------
Start Cross Boundary Optimization
---------------------------------------------------------------------------------
INFO: [Synth 8-5545] ROM "DownCounter" won't be mapped to RAM because address size (32) is larger than maximum supported(18)
INFO: [Synth 8-5545] ROM "Timer" won't be mapped to RAM because address size (32) is larger than maximum supported(18)
INFO: [Synth 8-5546] ROM "TransmitTimerValue" won't be mapped to RAM because it is too sparse
INFO: [Synth 8-5545] ROM "Counter/SEND_PACKET" won't be mapped to RAM because address size (24) is larger than maximum supported(18)
INFO: [Synth 8-5545] ROM "IRSM/CLK_Reset" won't be mapped to RAM because address size (27) is larger than maximum supported(18)
INFO: [Synth 8-5545] ROM "IRSM/CLK_Reset" won't be mapped to RAM because address size (27) is larger than maximum supported(18)
INFO: [Synth 8-5545] ROM "IRSM/CLK_Reset" won't be mapped to RAM because address size (27) is larger than maximum supported(18)
INFO: [Synth 8-5545] ROM "IRSM/CLK_Reset" won't be mapped to RAM because address size (27) is larger than maximum supported(18)
INFO: [Synth 8-5546] ROM "IRSM/pulse" won't be mapped to RAM because it is too sparse
INFO: [Synth 8-5546] ROM "X_DATA" won't be mapped to RAM because it is too sparse
INFO: [Synth 8-5546] ROM "LED_Driver_inst/LED_DATA" won't be mapped to RAM because it is too sparse
INFO: [Synth 8-5562] The signal ROM/DATA_reg is implemented as block RAM but is better mapped onto distributed LUT RAM for the following reason(s): The *depth (8 address bits)* is shallow. Please use attribute (* ram_style = "distributed" *) to instruct Vivado to infer distributed LUT RAM.
---------------------------------------------------------------------------------
Finished Cross Boundary Optimization : Time (s): cpu = 00:00:15 ; elapsed = 00:00:23 . Memory (MB): peak = 593.789 ; gain = 416.961
---------------------------------------------------------------------------------
Finished Parallel Reinference  : Time (s): cpu = 00:00:15 ; elapsed = 00:00:23 . Memory (MB): peak = 593.789 ; gain = 416.961

Report RTL Partitions: 
+-+--------------+------------+----------+
| |RTL Partition |Replication |Instances |
+-+--------------+------------+----------+
+-+--------------+------------+----------+
INFO: [Synth 8-5562] The signal RAM/Mem_reg is implemented as block RAM but is better mapped onto distributed LUT RAM for the following reason(s): The *depth (7 address bits)* is shallow. Please use attribute (* ram_style = "distributed" *) to instruct Vivado to infer distributed LUT RAM.
---------------------------------------------------------------------------------
Start ROM, RAM, DSP and Shift Register Reporting
---------------------------------------------------------------------------------

ROM:
+------------+------------+---------------+----------------+
|Module Name | RTL Object | Depth x Width | Implemented As | 
+------------+------------+---------------+----------------+
|ROM         | extrom     | 256x8         | Block RAM      | 
|Top_Wrapper | extrom     | 256x8         | Block RAM      | 
+------------+------------+---------------+----------------+


Block RAM:
+------------+----------------------+------------------------+---+---+------------------------+---+---+--------------+--------+--------+-------------------------------------+
|Module Name | RTL Object           | PORT A (Depth x Width) | W | R | PORT B (Depth x Width) | W | R | OUT_REG      | RAMB18 | RAMB36 | Hierarchical Name                   | 
+------------+----------------------+------------------------+---+---+------------------------+---+---+--------------+--------+--------+-------------------------------------+
|Top_Wrapper | RAM/Mem_reg          | 128 x 8(READ_FIRST)    | W | R |                        |   |   | Port A       | 1      | 0      | Top_Wrapper/extram__3               | 
|Top_Wrapper | Frame_Buffer/Mem_reg | 32 K x 1               | W |   | 32 K x 1(WRITE_FIRST)  |   | R | Port A and B | 0      | 1      | Top_Wrapper/VGA_Interface/extram__5 | 
+------------+----------------------+------------------------+---+---+------------------------+---+---+--------------+--------+--------+-------------------------------------+

Note: The table shows the Block RAMs at the current stage of the synthesis flow. Some Block RAMs may be reimplemented as non Block RAM primitives later in the synthesis flow. Multiple instantiated Block RAMs are reported only once. "Hierarchical Name" reflects the Block RAM name as it appears in the hierarchical module and only part of it is displayed.
---------------------------------------------------------------------------------
Finished ROM, RAM, DSP and Shift Register Reporting
---------------------------------------------------------------------------------
INFO: [Synth 8-3333] propagating constant 0 across sequential element (Processor/\CurrProgCounterOffset_reg[1] )
WARNING: [Synth 8-3332] Sequential element (\CurrProgCounterOffset_reg[1] ) is unused and will be removed from module Processor.
WARNING: [Synth 8-3332] Sequential element (\VGA_Sig_Gen/ADDRH_reg[1] ) is unused and will be removed from module VGA_Interface.
WARNING: [Synth 8-3332] Sequential element (\VGA_Sig_Gen/ADDRH_reg[0] ) is unused and will be removed from module VGA_Interface.
WARNING: [Synth 8-3332] Sequential element (\VGA_Sig_Gen/ADDRV_reg[1] ) is unused and will be removed from module VGA_Interface.
WARNING: [Synth 8-3332] Sequential element (\VGA_Sig_Gen/ADDRV_reg[0] ) is unused and will be removed from module VGA_Interface.
WARNING: [Synth 8-3332] Sequential element (\Mouse_transceiver/T/Curr_ByteToSend_reg[7] ) is unused and will be removed from module Mouse_Driver.
WARNING: [Synth 8-3332] Sequential element (\Mouse_transceiver/T/Curr_ByteToSend_reg[6] ) is unused and will be removed from module Mouse_Driver.
WARNING: [Synth 8-3332] Sequential element (\Mouse_transceiver/T/Curr_ByteToSend_reg[5] ) is unused and will be removed from module Mouse_Driver.
WARNING: [Synth 8-3332] Sequential element (\Mouse_transceiver/T/Curr_ByteToSend_reg[4] ) is unused and will be removed from module Mouse_Driver.
WARNING: [Synth 8-3332] Sequential element (\Mouse_transceiver/T/Curr_ByteToSend_reg[3] ) is unused and will be removed from module Mouse_Driver.
WARNING: [Synth 8-3332] Sequential element (\Mouse_transceiver/T/Curr_ByteToSend_reg[1] ) is unused and will be removed from module Mouse_Driver.
WARNING: [Synth 8-3332] Sequential element (\Mouse_transceiver/MSM/Curr_ByteToSend_reg[7] ) is unused and will be removed from module Mouse_Driver.
WARNING: [Synth 8-3332] Sequential element (\Mouse_transceiver/MSM/Curr_ByteToSend_reg[6] ) is unused and will be removed from module Mouse_Driver.
WARNING: [Synth 8-3332] Sequential element (\Mouse_transceiver/MSM/Curr_ByteToSend_reg[5] ) is unused and will be removed from module Mouse_Driver.
WARNING: [Synth 8-3332] Sequential element (\Mouse_transceiver/MSM/Curr_ByteToSend_reg[4] ) is unused and will be removed from module Mouse_Driver.
WARNING: [Synth 8-3332] Sequential element (\Mouse_transceiver/MSM/Curr_ByteToSend_reg[3] ) is unused and will be removed from module Mouse_Driver.
WARNING: [Synth 8-3332] Sequential element (\Mouse_transceiver/MSM/Curr_ByteToSend_reg[1] ) is unused and will be removed from module Mouse_Driver.
WARNING: [Synth 8-3332] Sequential element (\Mouse_transceiver/R/ClkMouseInDly_reg ) is unused and will be removed from module Mouse_Driver.
---------------------------------------------------------------------------------
Start Area Optimization
---------------------------------------------------------------------------------
WARNING: [Synth 8-3332] Sequential element (\VGA_Sig_Gen/CounterCLK/count_value_reg[2] ) is unused and will be removed from module VGA_Interface.
---------------------------------------------------------------------------------
Finished Area Optimization : Time (s): cpu = 00:00:22 ; elapsed = 00:00:34 . Memory (MB): peak = 593.789 ; gain = 416.961
---------------------------------------------------------------------------------
Finished Parallel Area Optimization  : Time (s): cpu = 00:00:22 ; elapsed = 00:00:34 . Memory (MB): peak = 593.789 ; gain = 416.961

Report RTL Partitions: 
+-+--------------+------------+----------+
| |RTL Partition |Replication |Instances |
+-+--------------+------------+----------+
+-+--------------+------------+----------+
Finished Parallel Synthesis Optimization  : Time (s): cpu = 00:00:22 ; elapsed = 00:00:34 . Memory (MB): peak = 593.789 ; gain = 416.961
---------------------------------------------------------------------------------
Start Timing Optimization
---------------------------------------------------------------------------------
---------------------------------------------------------------------------------
Start Applying XDC Timing Constraints
---------------------------------------------------------------------------------
---------------------------------------------------------------------------------
Finished Applying XDC Timing Constraints : Time (s): cpu = 00:00:29 ; elapsed = 00:00:48 . Memory (MB): peak = 593.789 ; gain = 416.961
---------------------------------------------------------------------------------
---------------------------------------------------------------------------------
Finished Timing Optimization : Time (s): cpu = 00:00:29 ; elapsed = 00:00:48 . Memory (MB): peak = 593.789 ; gain = 416.961
---------------------------------------------------------------------------------

Report RTL Partitions: 
+-+--------------+------------+----------+
| |RTL Partition |Replication |Instances |
+-+--------------+------------+----------+
+-+--------------+------------+----------+
---------------------------------------------------------------------------------
Start Technology Mapping
---------------------------------------------------------------------------------
WARNING: [Synth 8-3332] Sequential element (\Mouse_Driver_inst/Mouse_transceiver/MouseY_reg[7] ) is unused and will be removed from module Top_Wrapper.
INFO: [Synth 8-4480] The timing for the instance \RAM/Mem_reg  (implemented as a block RAM) might be sub-optimal as no optional output register could be merged into the block ram. Providing additional output register may help in improving timing.
INFO: [Synth 8-4480] The timing for the instance \VGA/Frame_Buffer/Mem_reg  (implemented as a block RAM) might be sub-optimal as no optional output register could be merged into the block ram. Providing additional output register may help in improving timing.
INFO: [Synth 8-4480] The timing for the instance \ROM/DATA_reg  (implemented as a block RAM) might be sub-optimal as no optional output register could be merged into the block ram. Providing additional output register may help in improving timing.
---------------------------------------------------------------------------------
Finished Technology Mapping : Time (s): cpu = 00:00:30 ; elapsed = 00:00:50 . Memory (MB): peak = 619.836 ; gain = 443.008
---------------------------------------------------------------------------------

Report RTL Partitions: 
+-+--------------+------------+----------+
| |RTL Partition |Replication |Instances |
+-+--------------+------------+----------+
+-+--------------+------------+----------+
---------------------------------------------------------------------------------
Start IO Insertion
---------------------------------------------------------------------------------
---------------------------------------------------------------------------------
Start Final Netlist Cleanup
---------------------------------------------------------------------------------
---------------------------------------------------------------------------------
Finished Final Netlist Cleanup
---------------------------------------------------------------------------------
---------------------------------------------------------------------------------
Finished IO Insertion : Time (s): cpu = 00:00:30 ; elapsed = 00:00:50 . Memory (MB): peak = 619.836 ; gain = 443.008
---------------------------------------------------------------------------------

Report Check Netlist: 
+------+------------------+-------+---------+-------+------------------+
|      |Item              |Errors |Warnings |Status |Description       |
+------+------------------+-------+---------+-------+------------------+
|1     |multi_driven_nets |      0|        0|Passed |Multi driven nets |
+------+------------------+-------+---------+-------+------------------+
---------------------------------------------------------------------------------
Start Renaming Generated Instances
---------------------------------------------------------------------------------
---------------------------------------------------------------------------------
Finished Renaming Generated Instances : Time (s): cpu = 00:00:30 ; elapsed = 00:00:50 . Memory (MB): peak = 619.836 ; gain = 443.008
---------------------------------------------------------------------------------

Report RTL Partitions: 
+-+--------------+------------+----------+
| |RTL Partition |Replication |Instances |
+-+--------------+------------+----------+
+-+--------------+------------+----------+
---------------------------------------------------------------------------------
Start Rebuilding User Hierarchy
---------------------------------------------------------------------------------
---------------------------------------------------------------------------------
Finished Rebuilding User Hierarchy : Time (s): cpu = 00:00:30 ; elapsed = 00:00:51 . Memory (MB): peak = 619.836 ; gain = 443.008
---------------------------------------------------------------------------------
---------------------------------------------------------------------------------
Start Renaming Generated Ports : Time (s): cpu = 00:00:30 ; elapsed = 00:00:51 . Memory (MB): peak = 619.836 ; gain = 443.008
---------------------------------------------------------------------------------
---------------------------------------------------------------------------------
Finished Renaming Generated Ports : Time (s): cpu = 00:00:30 ; elapsed = 00:00:51 . Memory (MB): peak = 619.836 ; gain = 443.008
---------------------------------------------------------------------------------
---------------------------------------------------------------------------------
Start Writing Synthesis Report
---------------------------------------------------------------------------------

Report BlackBoxes: 
+-+--------------+----------+
| |BlackBox name |Instances |
+-+--------------+----------+
+-+--------------+----------+

Report Cell Usage: 
+------+-----------+------+
|      |Cell       |Count |
+------+-----------+------+
|1     |BUFG       |     2|
|2     |CARRY4     |    88|
|3     |LUT1       |   244|
|4     |LUT2       |   105|
|5     |LUT3       |   104|
|6     |LUT4       |   148|
|7     |LUT5       |   134|
|8     |LUT6       |   430|
|9     |MUXF7      |     5|
|10    |RAMB18E1   |     1|
|11    |RAMB18E1_1 |     1|
|12    |RAMB36E1   |     1|
|13    |FDRE       |   551|
|14    |FDSE       |    20|
|15    |IBUF       |     4|
|16    |IOBUF      |     2|
|17    |OBUF       |    31|
+------+-----------+------+

Report Instance Areas: 
+------+------------------------+--------------------------------+------+
|      |Instance                |Module                          |Cells |
+------+------------------------+--------------------------------+------+
|1     |top                     |                                |  1871|
|2     |  IRWrapper             |New_Top_Wrapper                 |   283|
|3     |    Counter             |TENHz_Counter2                  |    84|
|4     |    IRSM                |IRTransmitterSM2                |   195|
|5     |  LED_Driver_inst       |LED_Driver                      |     8|
|6     |  Mouse_Driver_inst     |Mouse_Driver                    |   509|
|7     |    Mouse_transceiver   |MouseTransceiver                |   465|
|8     |      MSM               |MouseMasterSM                   |   151|
|9     |      R                 |MouseReceiver                   |   140|
|10    |      T                 |MouseTransmitter                |   104|
|11    |  Processor             |Processor                       |   321|
|12    |    ALU0                |ALU                             |    49|
|13    |  RAM                   |RAM                             |    10|
|14    |  ROM                   |ROM                             |    62|
|15    |  Seven_Seg_Driver_inst |Seven_Seg_Driver                |    94|
|16    |    RD                  |Register_display                |    78|
|17    |      Bit17Counter      |Generic_counter                 |    59|
|18    |      Bit2Counter       |Generic_counter__parameterized0 |    19|
|19    |  Timer                 |Timer                           |   283|
|20    |  VGA                   |VGA_Interface                   |   258|
|21    |    Colour_Counter      |Counter__parameterized2         |    94|
|22    |    Frame_Buffer        |Frame_Buffer                    |     9|
|23    |    VGA_Sig_Gen         |VGA_Sig_Gen                     |   102|
|24    |      CounterCLK        |Counter                         |     6|
|25    |      CounterH          |Counter__parameterized0         |    38|
|26    |      CounterV          |Counter__parameterized1         |    33|
+------+------------------------+--------------------------------+------+
---------------------------------------------------------------------------------
Finished Writing Synthesis Report : Time (s): cpu = 00:00:30 ; elapsed = 00:00:51 . Memory (MB): peak = 619.836 ; gain = 443.008
---------------------------------------------------------------------------------
Synthesis finished with 0 errors, 0 critical warnings and 20 warnings.
Synthesis Optimization Runtime : Time (s): cpu = 00:00:21 ; elapsed = 00:00:42 . Memory (MB): peak = 619.836 ; gain = 116.145
Synthesis Optimization Complete : Time (s): cpu = 00:00:30 ; elapsed = 00:00:51 . Memory (MB): peak = 619.836 ; gain = 443.008
INFO: [Project 1-571] Translating synthesized netlist
INFO: [Netlist 29-17] Analyzing 97 Unisim elements for replacement
INFO: [Netlist 29-28] Unisim Transformation completed in 0 CPU seconds
INFO: [Project 1-570] Preparing netlist for logic optimization
INFO: [Opt 31-138] Pushed 0 inverter(s) to 0 load pin(s).
INFO: [Project 1-111] Unisim Transformation Summary:
  A total of 2 instances were transformed.
  IOBUF => IOBUF (IBUF, OBUFT): 2 instances

INFO: [Common 17-83] Releasing license: Synthesis
159 Infos, 29 Warnings, 0 Critical Warnings and 0 Errors encountered.
synth_design completed successfully
synth_design: Time (s): cpu = 00:00:29 ; elapsed = 00:00:49 . Memory (MB): peak = 619.836 ; gain = 410.852
report_utilization: Time (s): cpu = 00:00:00 ; elapsed = 00:00:00.108 . Memory (MB): peak = 619.836 ; gain = 0.000
INFO: [Common 17-206] Exiting Vivado at Mon Apr 01 17:40:02 2024...
