Copyright 1986-2015 Xilinx, Inc. All Rights Reserved.
----------------------------------------------------------------------------------------
| Tool Version : Vivado v.2015.2 (win64) Build 1266856 Fri Jun 26 16:35:25 MDT 2015
| Date         : Sat Mar 30 20:43:32 2024
| Host         : ASUS-VB running 64-bit major release  (build 9200)
| Command      : report_control_sets -verbose -file Top_Wrapper_control_sets_placed.rpt
| Design       : Top_Wrapper
| Device       : xc7a35t
----------------------------------------------------------------------------------------

Control Set Information

Table of Contents
-----------------
1. Summary
2. Flip-Flop Distribution
3. Detailed Control Set Information

1. Summary
----------

+-------------------------------------------------------------------+-------+
|                               Status                              | Count |
+-------------------------------------------------------------------+-------+
| Number of unique control sets                                     |    32 |
| Minimum Number of register sites lost to control set restrictions |    36 |
+-------------------------------------------------------------------+-------+


2. Flip-Flop Distribution
-------------------------

+--------------+-----------------------+------------------------+-----------------+--------------+
| Clock Enable | Synchronous Set/Reset | Asynchronous Set/Reset | Total Registers | Total Slices |
+--------------+-----------------------+------------------------+-----------------+--------------+
| No           | No                    | No                     |              50 |           22 |
| No           | No                    | Yes                    |               0 |            0 |
| No           | Yes                   | No                     |             228 |           92 |
| Yes          | No                    | No                     |              37 |           11 |
| Yes          | No                    | Yes                    |               0 |            0 |
| Yes          | Yes                   | No                     |             233 |           82 |
+--------------+-----------------------+------------------------+-----------------+--------------+


3. Detailed Control Set Information
-----------------------------------

+------------------------------------------------+----------------------------------------------------------------------+-------------------------------------------------------+------------------+----------------+
|                  Clock Signal                  |                             Enable Signal                            |                    Set/Reset Signal                   | Slice Load Count | Bel Load Count |
+------------------------------------------------+----------------------------------------------------------------------+-------------------------------------------------------+------------------+----------------+
|  CLK_IBUF_BUFG                                 | Processor/COMMAND0                                                   | RESET_IBUF                                            |                3 |              4 |
|  CLK_IBUF_BUFG                                 | Mouse_Driver_inst/Mouse_transceiver/R/Curr_BitCounter[3]_i_1_n_0     | RESET_IBUF                                            |                2 |              4 |
|  CLK_IBUF_BUFG                                 | Mouse_Driver_inst/Mouse_transceiver/MSM/MouseY_reg[2]                |                                                       |                2 |              4 |
|  CLK_IBUF_BUFG                                 | Mouse_Driver_inst/Mouse_transceiver/MSM/MouseY_reg[2]                | Mouse_Driver_inst/Mouse_transceiver/MouseX[7]_i_1_n_0 |                2 |              5 |
|  CLK_IBUF_BUFG                                 | Mouse_Driver_inst/Mouse_transceiver/MSM/MouseY_reg[2]                | RESET_IBUF                                            |                2 |              6 |
|  CLK_IBUF_BUFG                                 | Processor/FSM_sequential_CurrState[5]_i_1_n_0                        | RESET_IBUF                                            |                4 |              6 |
|  CLK_IBUF_BUFG                                 | Processor/Y_VAL_reg[6][0]                                            |                                                       |                2 |              7 |
|  CLK_IBUF_BUFG                                 |                                                                      | VGA/VGA_Sig_Gen/CounterV/VGA_COLOUR_reg[0]            |                3 |              8 |
|  CLK_IBUF_BUFG                                 | Processor/CurrProgCounter[7]_i_1_n_0                                 | RESET_IBUF                                            |                5 |              8 |
|  CLK_IBUF_BUFG                                 | Processor/CurrRegB[7]_i_1_n_0                                        | RESET_IBUF                                            |                5 |              8 |
|  CLK_IBUF_BUFG                                 | Processor/CurrProgContext[7]_i_1_n_0                                 | RESET_IBUF                                            |                4 |              8 |
|  CLK_IBUF_BUFG                                 | Processor/CurrBusDataOutWE_i_1_n_0                                   | RESET_IBUF                                            |                2 |              8 |
|  CLK_IBUF_BUFG                                 | Processor/CurrRegA[7]_i_1_n_0                                        | RESET_IBUF                                            |                5 |              8 |
|  CLK_IBUF_BUFG                                 | Mouse_Driver_inst/Mouse_transceiver/Timer/p_0_in                     |                                                       |                2 |              8 |
|  CLK_IBUF_BUFG                                 | Mouse_Driver_inst/Mouse_transceiver/R/Curr_MSCodeShiftReg[7]_i_1_n_0 | RESET_IBUF                                            |                4 |              8 |
|  CLK_IBUF_BUFG                                 | Mouse_Driver_inst/Mouse_transceiver/MSM/Curr_Status[7]_i_1_n_0       | RESET_IBUF                                            |                2 |              8 |
|  CLK_IBUF_BUFG                                 | Mouse_Driver_inst/Mouse_transceiver/MSM/Curr_Dy[7]_i_1_n_0           | RESET_IBUF                                            |                2 |              8 |
|  CLK_IBUF_BUFG                                 | Mouse_Driver_inst/Mouse_transceiver/MSM/Curr_Dx[7]_i_1_n_0           | RESET_IBUF                                            |                2 |              8 |
|  CLK_IBUF_BUFG                                 | Processor/X_VAL_reg[7]_0[0]                                          |                                                       |                2 |              8 |
|  CLK_IBUF_BUFG                                 | Processor/X_DATA_reg[7][0]                                           | RESET_IBUF                                            |                2 |              8 |
|  CLK_IBUF_BUFG                                 | Processor/Y_DATA_reg[7][0]                                           | RESET_IBUF                                            |                1 |              8 |
|  CLK_IBUF_BUFG                                 | Processor/LED_DATA_reg[7][0]                                         | RESET_IBUF                                            |                6 |              8 |
|  CLK_IBUF_BUFG                                 | Processor/E[0]                                                       | RESET_IBUF                                            |                2 |              8 |
|  VGA/VGA_Sig_Gen/CounterCLK/count_value_reg[9] | VGA/VGA_Sig_Gen/CounterH/TRIGH                                       |                                                       |                3 |             10 |
|  VGA/VGA_Sig_Gen/CounterCLK/count_value_reg[9] |                                                                      |                                                       |                3 |             11 |
|  CLK_IBUF_BUFG                                 | Mouse_Driver_inst/Mouse_transceiver/T/Curr_SendCounter[15]_i_1_n_0   | RESET_IBUF                                            |                6 |             16 |
|  VGA/Colour_Counter/I52                        |                                                                      |                                                       |                4 |             16 |
|  CLK_IBUF_BUFG                                 |                                                                      |                                                       |               15 |             23 |
|  CLK_IBUF_BUFG                                 | Mouse_Driver_inst/Mouse_transceiver/MSM/Curr_Counter[23]_i_1_n_0     | RESET_IBUF                                            |                7 |             24 |
|  CLK_IBUF_BUFG                                 | Timer/TargetReached1                                                 | RESET_IBUF                                            |                6 |             32 |
|  CLK_IBUF_BUFG                                 | Timer/0]_i_2_n_0                                                     | Processor/Timer_reg[31]                               |                8 |             32 |
|  CLK_IBUF_BUFG                                 |                                                                      | RESET_IBUF                                            |               89 |            220 |
+------------------------------------------------+----------------------------------------------------------------------+-------------------------------------------------------+------------------+----------------+


