Copyright 1986-2015 Xilinx, Inc. All Rights Reserved.
----------------------------------------------------------------------------------------
| Tool Version     : Vivado v.2015.2 (win64) Build 1266856 Fri Jun 26 16:35:25 MDT 2015
| Date             : Sat Mar 30 20:44:09 2024
| Host             : ASUS-VB running 64-bit major release  (build 9200)
| Command          : 
| Design           : Top_Wrapper
| Device           : xc7a35tcpg236-1
| Design State     : Routed
| Grade            : commercial
| Process          : typical
| Characterization : Production
----------------------------------------------------------------------------------------

Power Report

Table of Contents
-----------------
1. Summary
1.1 On-Chip Components
1.2 Power Supply Summary
1.3 Confidence Level
2. Settings
2.1 Environment
2.2 Clock Constraints
3. Detailed Reports
3.1 By Hierarchy

1. Summary
----------

+--------------------------+----------------------------------+
| Total On-Chip Power (W)  | 16.557 (Junction temp exceeded!) |
| Dynamic (W)              | 16.244                           |
| Device Static (W)        | 0.313                            |
| Effective TJA (C/W)      | 5.0                              |
| Max Ambient (C)          | 2.2                              |
| Junction Temperature (C) | 107.8                            |
| Confidence Level         | Low                              |
| Setting File             | ---                              |
| Simulation Activity File | ---                              |
| Design Nets Matched      | NA                               |
+--------------------------+----------------------------------+


1.1 On-Chip Components
----------------------

+----------------+-----------+----------+-----------+-----------------+
| On-Chip        | Power (W) | Used     | Available | Utilization (%) |
+----------------+-----------+----------+-----------+-----------------+
| Slice Logic    |     3.792 |     1631 |       --- |             --- |
|   LUT as Logic |     3.435 |      800 |     20800 |            3.85 |
|   CARRY4       |     0.205 |       88 |      8150 |            1.08 |
|   Register     |     0.133 |      548 |     41600 |            1.32 |
|   F7/F8 Muxes  |     0.013 |       12 |     32600 |            0.04 |
|   BUFG         |     0.006 |        1 |        32 |            3.13 |
|   Others       |     0.000 |       45 |       --- |             --- |
| Signals        |     3.236 |     1348 |       --- |             --- |
| Block RAM      |     0.588 |      1.5 |        50 |            3.00 |
| I/O            |     8.627 |       37 |       106 |           34.91 |
| Static Power   |     0.313 |          |           |                 |
| Total          |    16.557 |          |           |                 |
+----------------+-----------+----------+-----------+-----------------+


1.2 Power Supply Summary
------------------------

+-----------+-------------+-----------+-------------+------------+
| Source    | Voltage (V) | Total (A) | Dynamic (A) | Static (A) |
+-----------+-------------+-----------+-------------+------------+
| Vccint    |       1.000 |     7.787 |       7.584 |      0.203 |
| Vccaux    |       1.800 |     0.351 |       0.316 |      0.036 |
| Vcco33    |       3.300 |     2.439 |       2.438 |      0.001 |
| Vcco25    |       2.500 |     0.000 |       0.000 |      0.000 |
| Vcco18    |       1.800 |     0.000 |       0.000 |      0.000 |
| Vcco15    |       1.500 |     0.000 |       0.000 |      0.000 |
| Vcco135   |       1.350 |     0.000 |       0.000 |      0.000 |
| Vcco12    |       1.200 |     0.000 |       0.000 |      0.000 |
| Vccaux_io |       1.800 |     0.000 |       0.000 |      0.000 |
| Vccbram   |       1.000 |     0.051 |       0.045 |      0.006 |
| MGTAVcc   |       1.000 |     0.000 |       0.000 |      0.000 |
| MGTAVtt   |       1.200 |     0.000 |       0.000 |      0.000 |
| Vccadc    |       1.800 |     0.020 |       0.000 |      0.020 |
+-----------+-------------+-----------+-------------+------------+


1.3 Confidence Level
--------------------

+-----------------------------+------------+--------------------------------------------------------+--------------------------------------------------------------------------------------------------------------------+
| User Input Data             | Confidence | Details                                                | Action                                                                                                             |
+-----------------------------+------------+--------------------------------------------------------+--------------------------------------------------------------------------------------------------------------------+
| Design implementation state | High       | Design is routed                                       |                                                                                                                    |
| Clock nodes activity        | Low        | User specified less than 75% of clocks                 | Provide missing clock activity with a constraint file, simulation results or by editing the "By Clock Domain" view |
| I/O nodes activity          | Low        | More than 75% of inputs are missing user specification | Provide missing input activity with simulation results or by editing the "By Resource Type -> I/Os" view           |
| Internal nodes activity     | Medium     | User specified less than 25% of internal nodes         | Provide missing internal nodes activity with simulation results or by editing the "By Resource Type" views         |
| Device models               | High       | Device models are Production                           |                                                                                                                    |
|                             |            |                                                        |                                                                                                                    |
| Overall confidence level    | Low        |                                                        |                                                                                                                    |
+-----------------------------+------------+--------------------------------------------------------+--------------------------------------------------------------------------------------------------------------------+


2. Settings
-----------

2.1 Environment
---------------

+-----------------------+--------------------------+
| Ambient Temp (C)      | 25.0                     |
| ThetaJA (C/W)         | 5.0                      |
| Airflow (LFM)         | 250                      |
| Heat Sink             | medium (Medium Profile)  |
| ThetaSA (C/W)         | 4.6                      |
| Board Selection       | medium (10"x10")         |
| # of Board Layers     | 12to15 (12 to 15 Layers) |
| Board Temperature (C) | 25.0                     |
+-----------------------+--------------------------+


2.2 Clock Constraints
---------------------

+-------+--------+-----------------+
| Clock | Domain | Constraint (ns) |
+-------+--------+-----------------+


3. Detailed Reports
-------------------

3.1 By Hierarchy
----------------

+-------------------------+-----------+
| Name                    | Power (W) |
+-------------------------+-----------+
| Top_Wrapper             |    16.244 |
|   CLK_MOUSE_IOBUF_inst  |     0.000 |
|   DATA_MOUSE_IOBUF_inst |    <0.001 |
|   IRWrapper             |     0.928 |
|     Counter             |     0.334 |
|     IRSM                |     0.593 |
|   LED_Driver_inst       |    <0.001 |
|   Mouse_Driver_inst     |     1.078 |
|     Mouse_transceiver   |     1.026 |
|       MSM               |     0.233 |
|       R                 |     0.318 |
|       T                 |     0.243 |
|   Processor             |     2.023 |
|     ALU0                |     0.200 |
|   RAM                   |     0.157 |
|   ROM                   |     1.173 |
|   Seven_Seg_Driver_inst |     0.207 |
|     RD                  |     0.207 |
|       Bit17Counter      |     0.205 |
|       Bit2Counter       |     0.002 |
|   Timer                 |     0.576 |
|   VGA                   |     1.412 |
|     Colour_Counter      |     0.297 |
|     Frame_Buffer        |     0.615 |
|     VGA_Sig_Gen         |     0.415 |
|       CounterCLK        |     0.096 |
|       CounterH          |     0.263 |
|       CounterV          |     0.013 |
+-------------------------+-----------+


